mode: set
github.com/Salvionied/apollo/serialization/Address/Address.go:42.97,46.34 4 1
github.com/Salvionied/apollo/serialization/Address/Address.go:46.34,48.3 1 1
github.com/Salvionied/apollo/serialization/Address/Address.go:48.8,50.3 1 1
github.com/Salvionied/apollo/serialization/Address/Address.go:51.2,51.23 1 1
github.com/Salvionied/apollo/serialization/Address/Address.go:51.23,53.3 1 1
github.com/Salvionied/apollo/serialization/Address/Address.go:53.8,53.30 1 1
github.com/Salvionied/apollo/serialization/Address/Address.go:53.30,55.3 1 1
github.com/Salvionied/apollo/serialization/Address/Address.go:55.8,57.3 1 1
github.com/Salvionied/apollo/serialization/Address/Address.go:58.2,60.14 3 1
github.com/Salvionied/apollo/serialization/Address/Address.go:74.49,76.2 1 1
github.com/Salvionied/apollo/serialization/Address/Address.go:84.37,86.2 1 1
github.com/Salvionied/apollo/serialization/Address/Address.go:99.47,101.16 2 1
github.com/Salvionied/apollo/serialization/Address/Address.go:101.16,103.3 1 0
github.com/Salvionied/apollo/serialization/Address/Address.go:104.2,104.35 1 1
github.com/Salvionied/apollo/serialization/Address/Address.go:114.52,116.2 1 1
github.com/Salvionied/apollo/serialization/Address/Address.go:127.56,139.2 11 1
github.com/Salvionied/apollo/serialization/Address/Address.go:149.36,153.33 4 1
github.com/Salvionied/apollo/serialization/Address/Address.go:153.33,155.3 1 1
github.com/Salvionied/apollo/serialization/Address/Address.go:155.8,157.3 1 1
github.com/Salvionied/apollo/serialization/Address/Address.go:158.2,161.35 4 1
github.com/Salvionied/apollo/serialization/Address/Address.go:171.37,173.16 2 1
github.com/Salvionied/apollo/serialization/Address/Address.go:173.16,175.3 1 0
github.com/Salvionied/apollo/serialization/Address/Address.go:176.2,177.15 2 1
github.com/Salvionied/apollo/serialization/Address/Address.go:191.59,193.61 2 1
github.com/Salvionied/apollo/serialization/Address/Address.go:193.61,195.3 1 1
github.com/Salvionied/apollo/serialization/Address/Address.go:195.8,197.3 1 1
github.com/Salvionied/apollo/serialization/Address/Address.go:198.2,199.18 2 1
github.com/Salvionied/apollo/serialization/Address/Address.go:199.18,201.3 1 1
github.com/Salvionied/apollo/serialization/Address/Address.go:201.8,203.3 1 1
github.com/Salvionied/apollo/serialization/Address/Address.go:204.2,204.24 1 1
github.com/Salvionied/apollo/serialization/Address/Address.go:219.51,221.16 2 1
github.com/Salvionied/apollo/serialization/Address/Address.go:221.16,223.3 1 1
github.com/Salvionied/apollo/serialization/Address/Address.go:225.2,231.47 6 1
github.com/Salvionied/apollo/serialization/Address/Address.go:231.47,233.3 1 1
github.com/Salvionied/apollo/serialization/Address/Address.go:234.2,234.26 1 1
github.com/Salvionied/apollo/serialization/Address/Address.go:234.26,236.3 1 1
github.com/Salvionied/apollo/serialization/Address/Address.go:236.8,236.36 1 1
github.com/Salvionied/apollo/serialization/Address/Address.go:236.36,238.3 1 1
github.com/Salvionied/apollo/serialization/Address/Address.go:238.8,238.36 1 1
github.com/Salvionied/apollo/serialization/Address/Address.go:238.36,240.3 1 1
github.com/Salvionied/apollo/serialization/Address/Address.go:240.8,240.34 1 1
github.com/Salvionied/apollo/serialization/Address/Address.go:240.34,242.3 1 1
github.com/Salvionied/apollo/serialization/Address/Address.go:242.8,242.39 1 1
github.com/Salvionied/apollo/serialization/Address/Address.go:242.39,244.3 1 1
github.com/Salvionied/apollo/serialization/Address/Address.go:244.8,244.37 1 1
github.com/Salvionied/apollo/serialization/Address/Address.go:244.37,246.3 1 1
github.com/Salvionied/apollo/serialization/Address/Address.go:246.8,246.34 1 1
github.com/Salvionied/apollo/serialization/Address/Address.go:246.34,248.3 1 1
github.com/Salvionied/apollo/serialization/Address/Address.go:248.8,250.3 1 1
github.com/Salvionied/apollo/plutusencoder/plutus.go:16.84,17.29 1 1
github.com/Salvionied/apollo/plutusencoder/plutus.go:18.23,57.9 1 1
github.com/Salvionied/apollo/plutusencoder/plutus.go:59.26,98.9 1 1
github.com/Salvionied/apollo/plutusencoder/plutus.go:99.26,138.9 1 0
github.com/Salvionied/apollo/plutusencoder/plutus.go:139.29,178.9 1 0
github.com/Salvionied/apollo/plutusencoder/plutus.go:179.24,201.9 1 1
github.com/Salvionied/apollo/plutusencoder/plutus.go:202.27,224.9 1 1
github.com/Salvionied/apollo/plutusencoder/plutus.go:225.10,226.71 1 0
github.com/Salvionied/apollo/plutusencoder/plutus.go:230.67,240.27 9 1
github.com/Salvionied/apollo/plutusencoder/plutus.go:240.27,242.3 1 1
github.com/Salvionied/apollo/plutusencoder/plutus.go:243.2,243.8 1 1
github.com/Salvionied/apollo/plutusencoder/plutus.go:243.8,246.19 3 1
github.com/Salvionied/apollo/plutusencoder/plutus.go:246.19,248.18 2 1
github.com/Salvionied/apollo/plutusencoder/plutus.go:248.18,250.5 1 1
github.com/Salvionied/apollo/plutusencoder/plutus.go:251.4,251.24 1 1
github.com/Salvionied/apollo/plutusencoder/plutus.go:251.24,253.5 1 1
github.com/Salvionied/apollo/plutusencoder/plutus.go:253.10,253.56 1 1
github.com/Salvionied/apollo/plutusencoder/plutus.go:253.56,255.5 1 1
github.com/Salvionied/apollo/plutusencoder/plutus.go:255.10,257.5 1 1
github.com/Salvionied/apollo/plutusencoder/plutus.go:259.3,259.23 1 1
github.com/Salvionied/apollo/plutusencoder/plutus.go:260.20,261.52 1 1
github.com/Salvionied/apollo/plutusencoder/plutus.go:262.14,264.16 2 1
github.com/Salvionied/apollo/plutusencoder/plutus.go:265.18,267.19 2 1
github.com/Salvionied/apollo/plutusencoder/plutus.go:268.11,269.49 1 1
github.com/Salvionied/apollo/plutusencoder/plutus.go:272.3,272.41 1 1
github.com/Salvionied/apollo/plutusencoder/plutus.go:272.41,274.23 2 1
github.com/Salvionied/apollo/plutusencoder/plutus.go:274.23,275.13 1 1
github.com/Salvionied/apollo/plutusencoder/plutus.go:277.4,282.27 6 1
github.com/Salvionied/apollo/plutusencoder/plutus.go:282.27,284.19 2 1
github.com/Salvionied/apollo/plutusencoder/plutus.go:284.19,286.6 1 1
github.com/Salvionied/apollo/plutusencoder/plutus.go:287.5,287.25 1 1
github.com/Salvionied/apollo/plutusencoder/plutus.go:287.25,289.6 1 1
github.com/Salvionied/apollo/plutusencoder/plutus.go:289.11,289.57 1 1
github.com/Salvionied/apollo/plutusencoder/plutus.go:289.57,291.6 1 1
github.com/Salvionied/apollo/plutusencoder/plutus.go:291.11,293.6 1 1
github.com/Salvionied/apollo/plutusencoder/plutus.go:295.4,295.23 1 1
github.com/Salvionied/apollo/plutusencoder/plutus.go:296.17,297.48 1 1
github.com/Salvionied/apollo/plutusencoder/plutus.go:297.48,299.6 1 1
github.com/Salvionied/apollo/plutusencoder/plutus.go:300.5,305.14 2 1
github.com/Salvionied/apollo/plutusencoder/plutus.go:305.14,308.6 2 1
github.com/Salvionied/apollo/plutusencoder/plutus.go:308.11,309.17 1 1
github.com/Salvionied/apollo/plutusencoder/plutus.go:309.17,311.7 1 1
github.com/Salvionied/apollo/plutusencoder/plutus.go:311.12,313.7 1 1
github.com/Salvionied/apollo/plutusencoder/plutus.go:315.15,316.48 1 1
github.com/Salvionied/apollo/plutusencoder/plutus.go:316.48,318.6 1 1
github.com/Salvionied/apollo/plutusencoder/plutus.go:319.5,324.14 2 1
github.com/Salvionied/apollo/plutusencoder/plutus.go:324.14,328.6 2 1
github.com/Salvionied/apollo/plutusencoder/plutus.go:328.11,329.17 1 1
github.com/Salvionied/apollo/plutusencoder/plutus.go:329.17,331.7 1 1
github.com/Salvionied/apollo/plutusencoder/plutus.go:331.12,333.7 1 1
github.com/Salvionied/apollo/plutusencoder/plutus.go:335.23,336.49 1 1
github.com/Salvionied/apollo/plutusencoder/plutus.go:336.49,338.6 1 1
github.com/Salvionied/apollo/plutusencoder/plutus.go:339.5,344.14 2 1
github.com/Salvionied/apollo/plutusencoder/plutus.go:344.14,347.6 2 1
github.com/Salvionied/apollo/plutusencoder/plutus.go:347.11,348.17 1 1
github.com/Salvionied/apollo/plutusencoder/plutus.go:348.17,350.7 1 1
github.com/Salvionied/apollo/plutusencoder/plutus.go:350.12,352.7 1 1
github.com/Salvionied/apollo/plutusencoder/plutus.go:354.21,355.49 1 1
github.com/Salvionied/apollo/plutusencoder/plutus.go:355.49,357.6 1 1
github.com/Salvionied/apollo/plutusencoder/plutus.go:358.5,359.19 2 1
github.com/Salvionied/apollo/plutusencoder/plutus.go:359.19,361.6 1 1
github.com/Salvionied/apollo/plutusencoder/plutus.go:362.5,367.14 2 1
github.com/Salvionied/apollo/plutusencoder/plutus.go:367.14,370.6 2 1
github.com/Salvionied/apollo/plutusencoder/plutus.go:370.11,371.17 1 1
github.com/Salvionied/apollo/plutusencoder/plutus.go:371.17,373.7 1 1
github.com/Salvionied/apollo/plutusencoder/plutus.go:373.12,375.7 1 1
github.com/Salvionied/apollo/plutusencoder/plutus.go:377.19,379.19 2 1
github.com/Salvionied/apollo/plutusencoder/plutus.go:379.19,381.6 1 0
github.com/Salvionied/apollo/plutusencoder/plutus.go:382.5,382.14 1 1
github.com/Salvionied/apollo/plutusencoder/plutus.go:382.14,385.6 2 1
github.com/Salvionied/apollo/plutusencoder/plutus.go:385.11,386.17 1 1
github.com/Salvionied/apollo/plutusencoder/plutus.go:386.17,388.7 1 1
github.com/Salvionied/apollo/plutusencoder/plutus.go:388.12,390.7 1 1
github.com/Salvionied/apollo/plutusencoder/plutus.go:393.21,395.48 2 1
github.com/Salvionied/apollo/plutusencoder/plutus.go:395.48,397.20 2 1
github.com/Salvionied/apollo/plutusencoder/plutus.go:397.20,399.7 1 0
github.com/Salvionied/apollo/plutusencoder/plutus.go:400.6,400.40 1 1
github.com/Salvionied/apollo/plutusencoder/plutus.go:402.5,402.14 1 1
github.com/Salvionied/apollo/plutusencoder/plutus.go:402.14,409.6 2 1
github.com/Salvionied/apollo/plutusencoder/plutus.go:409.11,410.17 1 1
github.com/Salvionied/apollo/plutusencoder/plutus.go:410.17,416.7 1 1
github.com/Salvionied/apollo/plutusencoder/plutus.go:416.12,423.7 1 1
github.com/Salvionied/apollo/plutusencoder/plutus.go:425.19,427.48 2 1
github.com/Salvionied/apollo/plutusencoder/plutus.go:427.48,429.20 2 1
github.com/Salvionied/apollo/plutusencoder/plutus.go:429.20,431.7 1 0
github.com/Salvionied/apollo/plutusencoder/plutus.go:432.6,432.40 1 1
github.com/Salvionied/apollo/plutusencoder/plutus.go:434.5,434.14 1 1
github.com/Salvionied/apollo/plutusencoder/plutus.go:434.14,441.6 2 1
github.com/Salvionied/apollo/plutusencoder/plutus.go:441.11,442.17 1 1
github.com/Salvionied/apollo/plutusencoder/plutus.go:442.17,448.7 1 1
github.com/Salvionied/apollo/plutusencoder/plutus.go:448.12,454.7 1 1
github.com/Salvionied/apollo/plutusencoder/plutus.go:456.15,458.48 2 0
github.com/Salvionied/apollo/plutusencoder/plutus.go:458.48,460.20 2 0
github.com/Salvionied/apollo/plutusencoder/plutus.go:460.20,462.7 1 0
github.com/Salvionied/apollo/plutusencoder/plutus.go:463.6,464.32 2 0
github.com/Salvionied/apollo/plutusencoder/plutus.go:466.5,466.14 1 0
github.com/Salvionied/apollo/plutusencoder/plutus.go:466.14,473.6 2 0
github.com/Salvionied/apollo/plutusencoder/plutus.go:473.11,474.17 1 0
github.com/Salvionied/apollo/plutusencoder/plutus.go:474.17,480.7 1 0
github.com/Salvionied/apollo/plutusencoder/plutus.go:480.12,486.7 1 0
github.com/Salvionied/apollo/plutusencoder/plutus.go:489.12,491.19 2 1
github.com/Salvionied/apollo/plutusencoder/plutus.go:491.19,493.6 1 0
github.com/Salvionied/apollo/plutusencoder/plutus.go:494.5,494.14 1 1
github.com/Salvionied/apollo/plutusencoder/plutus.go:494.14,498.6 2 1
github.com/Salvionied/apollo/plutusencoder/plutus.go:498.11,499.17 1 1
github.com/Salvionied/apollo/plutusencoder/plutus.go:499.17,501.7 1 1
github.com/Salvionied/apollo/plutusencoder/plutus.go:501.12,503.7 1 1
github.com/Salvionied/apollo/plutusencoder/plutus.go:509.2,509.9 1 1
github.com/Salvionied/apollo/plutusencoder/plutus.go:509.9,511.3 1 1
github.com/Salvionied/apollo/plutusencoder/plutus.go:512.2,513.11 2 1
github.com/Salvionied/apollo/plutusencoder/plutus.go:513.11,515.3 1 1
github.com/Salvionied/apollo/plutusencoder/plutus.go:516.2,521.17 2 1
github.com/Salvionied/apollo/plutusencoder/plutus.go:524.68,526.16 2 1
github.com/Salvionied/apollo/plutusencoder/plutus.go:526.16,528.3 1 1
github.com/Salvionied/apollo/plutusencoder/plutus.go:529.2,531.16 3 1
github.com/Salvionied/apollo/plutusencoder/plutus.go:531.16,533.3 1 0
github.com/Salvionied/apollo/plutusencoder/plutus.go:534.2,535.16 2 1
github.com/Salvionied/apollo/plutusencoder/plutus.go:535.16,537.3 1 1
github.com/Salvionied/apollo/plutusencoder/plutus.go:538.2,538.12 1 1
github.com/Salvionied/apollo/plutusencoder/plutus.go:541.92,542.15 1 1
github.com/Salvionied/apollo/plutusencoder/plutus.go:542.15,543.31 1 1
github.com/Salvionied/apollo/plutusencoder/plutus.go:543.31,545.4 1 1
github.com/Salvionied/apollo/plutusencoder/plutus.go:548.2,549.12 2 1
github.com/Salvionied/apollo/plutusencoder/plutus.go:552.84,553.126 1 1
github.com/Salvionied/apollo/plutusencoder/plutus.go:553.126,555.3 1 0
github.com/Salvionied/apollo/plutusencoder/plutus.go:556.2,561.16 6 1
github.com/Salvionied/apollo/plutusencoder/plutus.go:561.16,564.3 2 1
github.com/Salvionied/apollo/plutusencoder/plutus.go:565.2,566.15 2 1
github.com/Salvionied/apollo/plutusencoder/plutus.go:566.15,567.17 1 1
github.com/Salvionied/apollo/plutusencoder/plutus.go:567.17,568.21 1 1
github.com/Salvionied/apollo/plutusencoder/plutus.go:568.21,570.5 1 0
github.com/Salvionied/apollo/plutusencoder/plutus.go:570.10,572.5 1 1
github.com/Salvionied/apollo/plutusencoder/plutus.go:573.9,575.4 1 1
github.com/Salvionied/apollo/plutusencoder/plutus.go:576.8,577.17 1 1
github.com/Salvionied/apollo/plutusencoder/plutus.go:577.17,578.21 1 1
github.com/Salvionied/apollo/plutusencoder/plutus.go:578.21,580.5 1 0
github.com/Salvionied/apollo/plutusencoder/plutus.go:580.10,582.5 1 1
github.com/Salvionied/apollo/plutusencoder/plutus.go:583.9,585.4 1 0
github.com/Salvionied/apollo/plutusencoder/plutus.go:587.2,596.13 4 1
github.com/Salvionied/apollo/plutusencoder/plutus.go:599.141,601.33 2 1
github.com/Salvionied/apollo/plutusencoder/plutus.go:601.33,603.3 1 0
github.com/Salvionied/apollo/plutusencoder/plutus.go:604.2,610.8 4 1
github.com/Salvionied/apollo/plutusencoder/plutus.go:610.8,611.10 1 1
github.com/Salvionied/apollo/plutusencoder/plutus.go:611.10,613.4 1 0
github.com/Salvionied/apollo/plutusencoder/plutus.go:614.3,614.30 1 1
github.com/Salvionied/apollo/plutusencoder/plutus.go:615.31,616.47 1 1
github.com/Salvionied/apollo/plutusencoder/plutus.go:616.47,618.5 1 0
github.com/Salvionied/apollo/plutusencoder/plutus.go:619.4,619.134 1 1
github.com/Salvionied/apollo/plutusencoder/plutus.go:619.134,621.5 1 0
github.com/Salvionied/apollo/plutusencoder/plutus.go:622.4,623.123 2 1
github.com/Salvionied/apollo/plutusencoder/plutus.go:623.123,625.5 1 0
github.com/Salvionied/apollo/plutusencoder/plutus.go:627.4,628.21 2 1
github.com/Salvionied/apollo/plutusencoder/plutus.go:629.37,631.12 2 1
github.com/Salvionied/apollo/plutusencoder/plutus.go:631.12,633.6 1 0
github.com/Salvionied/apollo/plutusencoder/plutus.go:634.5,634.41 1 1
github.com/Salvionied/apollo/plutusencoder/plutus.go:634.41,635.61 1 1
github.com/Salvionied/apollo/plutusencoder/plutus.go:635.61,638.15 3 1
github.com/Salvionied/apollo/plutusencoder/plutus.go:640.6,640.33 1 1
github.com/Salvionied/apollo/plutusencoder/plutus.go:641.34,642.54 1 1
github.com/Salvionied/apollo/plutusencoder/plutus.go:642.54,643.54 1 1
github.com/Salvionied/apollo/plutusencoder/plutus.go:643.54,645.9 1 0
github.com/Salvionied/apollo/plutusencoder/plutus.go:645.14,646.87 1 1
github.com/Salvionied/apollo/plutusencoder/plutus.go:646.87,648.18 2 1
github.com/Salvionied/apollo/plutusencoder/plutus.go:650.9,651.17 2 1
github.com/Salvionied/apollo/plutusencoder/plutus.go:654.7,654.80 1 1
github.com/Salvionied/apollo/plutusencoder/plutus.go:655.32,656.52 1 1
github.com/Salvionied/apollo/plutusencoder/plutus.go:656.52,658.8 1 0
github.com/Salvionied/apollo/plutusencoder/plutus.go:659.7,660.14 2 1
github.com/Salvionied/apollo/plutusencoder/plutus.go:660.14,662.8 1 0
github.com/Salvionied/apollo/plutusencoder/plutus.go:664.7,664.64 1 1
github.com/Salvionied/apollo/plutusencoder/plutus.go:665.34,666.77 1 1
github.com/Salvionied/apollo/plutusencoder/plutus.go:666.77,668.14 2 1
github.com/Salvionied/apollo/plutusencoder/plutus.go:668.14,672.46 4 1
github.com/Salvionied/apollo/plutusencoder/plutus.go:672.46,674.24 2 0
github.com/Salvionied/apollo/plutusencoder/plutus.go:674.24,676.11 1 0
github.com/Salvionied/apollo/plutusencoder/plutus.go:678.9,678.58 1 1
github.com/Salvionied/apollo/plutusencoder/plutus.go:679.14,681.16 2 1
github.com/Salvionied/apollo/plutusencoder/plutus.go:681.16,683.10 1 0
github.com/Salvionied/apollo/plutusencoder/plutus.go:684.9,687.47 4 1
github.com/Salvionied/apollo/plutusencoder/plutus.go:687.47,689.24 2 1
github.com/Salvionied/apollo/plutusencoder/plutus.go:689.24,691.11 1 0
github.com/Salvionied/apollo/plutusencoder/plutus.go:693.9,693.59 1 1
github.com/Salvionied/apollo/plutusencoder/plutus.go:695.13,697.22 2 1
github.com/Salvionied/apollo/plutusencoder/plutus.go:697.22,699.9 1 0
github.com/Salvionied/apollo/plutusencoder/plutus.go:701.32,703.21 2 1
github.com/Salvionied/apollo/plutusencoder/plutus.go:703.21,705.8 1 0
github.com/Salvionied/apollo/plutusencoder/plutus.go:706.14,707.47 1 0
github.com/Salvionied/apollo/plutusencoder/plutus.go:710.39,712.12 2 1
github.com/Salvionied/apollo/plutusencoder/plutus.go:712.12,714.6 1 0
github.com/Salvionied/apollo/plutusencoder/plutus.go:715.5,715.41 1 1
github.com/Salvionied/apollo/plutusencoder/plutus.go:715.41,716.61 1 1
github.com/Salvionied/apollo/plutusencoder/plutus.go:716.61,719.15 3 1
github.com/Salvionied/apollo/plutusencoder/plutus.go:721.6,721.33 1 1
github.com/Salvionied/apollo/plutusencoder/plutus.go:722.34,723.54 1 1
github.com/Salvionied/apollo/plutusencoder/plutus.go:723.54,724.54 1 1
github.com/Salvionied/apollo/plutusencoder/plutus.go:724.54,726.9 1 0
github.com/Salvionied/apollo/plutusencoder/plutus.go:726.14,727.87 1 1
github.com/Salvionied/apollo/plutusencoder/plutus.go:727.87,729.18 2 1
github.com/Salvionied/apollo/plutusencoder/plutus.go:731.9,732.17 2 1
github.com/Salvionied/apollo/plutusencoder/plutus.go:735.7,735.80 1 1
github.com/Salvionied/apollo/plutusencoder/plutus.go:736.32,737.52 1 1
github.com/Salvionied/apollo/plutusencoder/plutus.go:737.52,739.8 1 0
github.com/Salvionied/apollo/plutusencoder/plutus.go:740.7,741.14 2 1
github.com/Salvionied/apollo/plutusencoder/plutus.go:741.14,743.8 1 0
github.com/Salvionied/apollo/plutusencoder/plutus.go:745.7,745.64 1 1
github.com/Salvionied/apollo/plutusencoder/plutus.go:746.34,747.77 1 1
github.com/Salvionied/apollo/plutusencoder/plutus.go:747.77,749.14 2 1
github.com/Salvionied/apollo/plutusencoder/plutus.go:749.14,753.46 4 1
github.com/Salvionied/apollo/plutusencoder/plutus.go:753.46,755.24 2 1
github.com/Salvionied/apollo/plutusencoder/plutus.go:755.24,757.11 1 0
github.com/Salvionied/apollo/plutusencoder/plutus.go:759.9,759.58 1 1
github.com/Salvionied/apollo/plutusencoder/plutus.go:760.14,762.16 2 1
github.com/Salvionied/apollo/plutusencoder/plutus.go:762.16,764.10 1 0
github.com/Salvionied/apollo/plutusencoder/plutus.go:765.9,768.47 4 1
github.com/Salvionied/apollo/plutusencoder/plutus.go:768.47,770.24 2 1
github.com/Salvionied/apollo/plutusencoder/plutus.go:770.24,772.11 1 0
github.com/Salvionied/apollo/plutusencoder/plutus.go:774.9,774.59 1 1
github.com/Salvionied/apollo/plutusencoder/plutus.go:776.13,778.22 2 1
github.com/Salvionied/apollo/plutusencoder/plutus.go:778.22,780.9 1 0
github.com/Salvionied/apollo/plutusencoder/plutus.go:782.32,784.21 2 1
github.com/Salvionied/apollo/plutusencoder/plutus.go:784.21,786.8 1 0
github.com/Salvionied/apollo/plutusencoder/plutus.go:787.14,788.47 1 0
github.com/Salvionied/apollo/plutusencoder/plutus.go:791.12,792.45 1 0
github.com/Salvionied/apollo/plutusencoder/plutus.go:794.29,796.11 2 1
github.com/Salvionied/apollo/plutusencoder/plutus.go:796.11,798.5 1 0
github.com/Salvionied/apollo/plutusencoder/plutus.go:799.4,799.44 1 1
github.com/Salvionied/apollo/plutusencoder/plutus.go:799.44,803.12 4 1
github.com/Salvionied/apollo/plutusencoder/plutus.go:803.12,805.6 1 0
github.com/Salvionied/apollo/plutusencoder/plutus.go:806.5,806.32 1 1
github.com/Salvionied/apollo/plutusencoder/plutus.go:807.28,810.14 3 1
github.com/Salvionied/apollo/plutusencoder/plutus.go:811.20,812.55 1 1
github.com/Salvionied/apollo/plutusencoder/plutus.go:812.55,814.7 1 0
github.com/Salvionied/apollo/plutusencoder/plutus.go:815.6,815.81 1 1
github.com/Salvionied/apollo/plutusencoder/plutus.go:816.19,817.55 1 1
github.com/Salvionied/apollo/plutusencoder/plutus.go:817.55,819.7 1 0
github.com/Salvionied/apollo/plutusencoder/plutus.go:820.6,821.49 2 1
github.com/Salvionied/apollo/plutusencoder/plutus.go:821.49,823.15 2 1
github.com/Salvionied/apollo/plutusencoder/plutus.go:825.6,825.87 1 0
github.com/Salvionied/apollo/plutusencoder/plutus.go:826.18,827.53 1 1
github.com/Salvionied/apollo/plutusencoder/plutus.go:827.53,829.7 1 0
github.com/Salvionied/apollo/plutusencoder/plutus.go:830.6,831.13 2 1
github.com/Salvionied/apollo/plutusencoder/plutus.go:831.13,833.7 1 0
github.com/Salvionied/apollo/plutusencoder/plutus.go:834.6,834.65 1 1
github.com/Salvionied/apollo/plutusencoder/plutus.go:835.13,836.33 1 1
github.com/Salvionied/apollo/plutusencoder/plutus.go:837.34,840.39 2 1
github.com/Salvionied/apollo/plutusencoder/plutus.go:841.24,843.15 2 1
github.com/Salvionied/apollo/plutusencoder/plutus.go:843.15,845.9 1 0
github.com/Salvionied/apollo/plutusencoder/plutus.go:846.8,849.45 4 1
github.com/Salvionied/apollo/plutusencoder/plutus.go:849.45,851.23 2 1
github.com/Salvionied/apollo/plutusencoder/plutus.go:851.23,853.10 1 0
github.com/Salvionied/apollo/plutusencoder/plutus.go:855.8,855.59 1 1
github.com/Salvionied/apollo/plutusencoder/plutus.go:856.22,858.15 2 1
github.com/Salvionied/apollo/plutusencoder/plutus.go:858.15,860.9 1 0
github.com/Salvionied/apollo/plutusencoder/plutus.go:861.8,864.45 4 1
github.com/Salvionied/apollo/plutusencoder/plutus.go:864.45,866.23 2 1
github.com/Salvionied/apollo/plutusencoder/plutus.go:866.23,868.10 1 0
github.com/Salvionied/apollo/plutusencoder/plutus.go:870.8,870.59 1 1
github.com/Salvionied/apollo/plutusencoder/plutus.go:872.32,874.21 2 1
github.com/Salvionied/apollo/plutusencoder/plutus.go:874.21,876.8 1 0
github.com/Salvionied/apollo/plutusencoder/plutus.go:880.11,881.44 1 0
github.com/Salvionied/apollo/plutusencoder/plutus.go:883.8,885.3 1 0
github.com/Salvionied/apollo/plutusencoder/plutus.go:887.2,887.12 1 1
github.com/Salvionied/apollo/serialization/Amount/Amount.go:23.43,28.2 1 1
github.com/Salvionied/apollo/serialization/Amount/Amount.go:42.46,47.2 1 1
github.com/Salvionied/apollo/serialization/Amount/Amount.go:63.45,68.2 1 1
github.com/Salvionied/apollo/serialization/Amount/Amount.go:78.44,82.2 3 1
github.com/Salvionied/apollo/serialization/Amount/Amount.go:92.33,97.2 1 1
github.com/Salvionied/apollo/serialization/Amount/Amount.go:110.43,112.2 1 1
github.com/Salvionied/apollo/serialization/Amount/Amount.go:125.42,127.2 1 1
github.com/Salvionied/apollo/serialization/Amount/Amount.go:140.45,142.2 1 1
github.com/Salvionied/apollo/serialization/Amount/Amount.go:155.43,159.2 3 1
github.com/Salvionied/apollo/serialization/Amount/Amount.go:172.43,176.2 3 1
github.com/Salvionied/apollo/serialization/Asset/Asset.go:17.37,19.32 2 1
github.com/Salvionied/apollo/serialization/Asset/Asset.go:19.32,21.3 1 1
github.com/Salvionied/apollo/serialization/Asset/Asset.go:22.2,22.15 1 1
github.com/Salvionied/apollo/serialization/Asset/Asset.go:35.47,37.2 1 1
github.com/Salvionied/apollo/serialization/Asset/Asset.go:49.46,50.32 1 1
github.com/Salvionied/apollo/serialization/Asset/Asset.go:50.32,52.34 2 1
github.com/Salvionied/apollo/serialization/Asset/Asset.go:52.34,54.4 1 1
github.com/Salvionied/apollo/serialization/Asset/Asset.go:56.2,56.13 1 1
github.com/Salvionied/apollo/serialization/Asset/Asset.go:69.49,70.32 1 1
github.com/Salvionied/apollo/serialization/Asset/Asset.go:70.32,72.33 2 1
github.com/Salvionied/apollo/serialization/Asset/Asset.go:72.33,74.4 1 1
github.com/Salvionied/apollo/serialization/Asset/Asset.go:76.2,76.13 1 1
github.com/Salvionied/apollo/serialization/Asset/Asset.go:88.49,89.35 1 1
github.com/Salvionied/apollo/serialization/Asset/Asset.go:89.35,91.9 2 1
github.com/Salvionied/apollo/serialization/Asset/Asset.go:91.9,93.4 1 1
github.com/Salvionied/apollo/serialization/Asset/Asset.go:93.9,95.4 1 1
github.com/Salvionied/apollo/serialization/Asset/Asset.go:97.2,97.11 1 1
github.com/Salvionied/apollo/serialization/Asset/Asset.go:109.49,110.35 1 1
github.com/Salvionied/apollo/serialization/Asset/Asset.go:110.35,112.9 2 1
github.com/Salvionied/apollo/serialization/Asset/Asset.go:112.9,114.4 1 1
github.com/Salvionied/apollo/serialization/Asset/Asset.go:114.9,116.4 1 1
github.com/Salvionied/apollo/serialization/Asset/Asset.go:118.2,118.11 1 1
github.com/Salvionied/apollo/serialization/Asset/Asset.go:128.40,129.32 1 1
github.com/Salvionied/apollo/serialization/Asset/Asset.go:129.32,131.3 1 1
github.com/Salvionied/apollo/serialization/Asset/Asset.go:132.2,132.11 1 1
github.com/Salvionied/apollo/serialization/AssetName/AssetName.go:17.57,20.35 2 1
github.com/Salvionied/apollo/serialization/AssetName/AssetName.go:20.35,22.3 1 1
github.com/Salvionied/apollo/serialization/AssetName/AssetName.go:24.2,24.33 1 1
github.com/Salvionied/apollo/serialization/AssetName/AssetName.go:27.53,30.2 2 1
github.com/Salvionied/apollo/serialization/AssetName/AssetName.go:32.37,35.2 2 1
github.com/Salvionied/apollo/serialization/AssetName/AssetName.go:37.40,39.2 1 1
github.com/Salvionied/apollo/serialization/AssetName/AssetName.go:41.52,42.40 1 1
github.com/Salvionied/apollo/serialization/AssetName/AssetName.go:42.40,44.3 1 1
github.com/Salvionied/apollo/serialization/AssetName/AssetName.go:46.2,46.24 1 1
github.com/Salvionied/apollo/serialization/AssetName/AssetName.go:46.24,48.3 1 1
github.com/Salvionied/apollo/serialization/AssetName/AssetName.go:50.2,52.32 2 1
github.com/Salvionied/apollo/serialization/AssetName/AssetName.go:55.56,58.16 3 1
github.com/Salvionied/apollo/serialization/AssetName/AssetName.go:58.16,60.3 1 1
github.com/Salvionied/apollo/serialization/AssetName/AssetName.go:62.2,62.19 1 1
github.com/Salvionied/apollo/serialization/AssetName/AssetName.go:62.19,64.3 1 1
github.com/Salvionied/apollo/serialization/AssetName/AssetName.go:66.2,68.12 2 1
github.com/Salvionied/apollo/serialization/HDWallet/HDWallet.go:27.37,32.2 4 1
github.com/Salvionied/apollo/serialization/HDWallet/HDWallet.go:46.58,48.16 2 1
github.com/Salvionied/apollo/serialization/HDWallet/HDWallet.go:48.16,50.3 1 0
github.com/Salvionied/apollo/serialization/HDWallet/HDWallet.go:51.2,53.16 3 1
github.com/Salvionied/apollo/serialization/HDWallet/HDWallet.go:53.16,55.3 1 0
github.com/Salvionied/apollo/serialization/HDWallet/HDWallet.go:56.2,64.8 1 1
github.com/Salvionied/apollo/serialization/HDWallet/HDWallet.go:81.71,83.16 2 0
github.com/Salvionied/apollo/serialization/HDWallet/HDWallet.go:83.16,85.3 1 0
github.com/Salvionied/apollo/serialization/HDWallet/HDWallet.go:86.2,86.38 1 0
github.com/Salvionied/apollo/serialization/HDWallet/HDWallet.go:89.72,92.2 2 1
github.com/Salvionied/apollo/serialization/HDWallet/HDWallet.go:107.85,110.18 3 1
github.com/Salvionied/apollo/serialization/HDWallet/HDWallet.go:110.18,112.3 1 0
github.com/Salvionied/apollo/serialization/HDWallet/HDWallet.go:113.2,113.35 1 1
github.com/Salvionied/apollo/serialization/HDWallet/HDWallet.go:113.35,115.3 1 0
github.com/Salvionied/apollo/serialization/HDWallet/HDWallet.go:116.2,118.16 3 1
github.com/Salvionied/apollo/serialization/HDWallet/HDWallet.go:118.16,120.3 1 0
github.com/Salvionied/apollo/serialization/HDWallet/HDWallet.go:121.2,126.20 5 1
github.com/Salvionied/apollo/serialization/HDWallet/HDWallet.go:129.38,139.2 1 1
github.com/Salvionied/apollo/serialization/HDWallet/HDWallet.go:154.64,155.22 1 1
github.com/Salvionied/apollo/serialization/HDWallet/HDWallet.go:155.22,157.3 1 1
github.com/Salvionied/apollo/serialization/HDWallet/HDWallet.go:158.2,159.73 2 1
github.com/Salvionied/apollo/serialization/HDWallet/HDWallet.go:159.73,160.36 1 1
github.com/Salvionied/apollo/serialization/HDWallet/HDWallet.go:160.36,163.18 2 1
github.com/Salvionied/apollo/serialization/HDWallet/HDWallet.go:163.18,165.5 1 0
github.com/Salvionied/apollo/serialization/HDWallet/HDWallet.go:166.4,168.5 1 1
github.com/Salvionied/apollo/serialization/HDWallet/HDWallet.go:169.9,171.18 2 1
github.com/Salvionied/apollo/serialization/HDWallet/HDWallet.go:171.18,173.5 1 0
github.com/Salvionied/apollo/serialization/HDWallet/HDWallet.go:174.4,176.5 1 1
github.com/Salvionied/apollo/serialization/HDWallet/HDWallet.go:179.2,179.28 1 1
github.com/Salvionied/apollo/serialization/HDWallet/HDWallet.go:195.67,196.14 1 1
github.com/Salvionied/apollo/serialization/HDWallet/HDWallet.go:196.14,198.3 1 1
github.com/Salvionied/apollo/serialization/HDWallet/HDWallet.go:199.2,208.3 2 1
github.com/Salvionied/apollo/serialization/HDWallet/HDWallet.go:221.41,223.16 2 1
github.com/Salvionied/apollo/serialization/HDWallet/HDWallet.go:223.16,225.3 1 0
github.com/Salvionied/apollo/serialization/HDWallet/HDWallet.go:226.2,227.16 2 1
github.com/Salvionied/apollo/serialization/HDWallet/HDWallet.go:227.16,229.3 1 0
github.com/Salvionied/apollo/serialization/HDWallet/HDWallet.go:230.2,230.19 1 1
github.com/Salvionied/apollo/serialization/HDWallet/HDWallet.go:245.39,247.2 1 1
github.com/Salvionied/apollo/serialization/Key/Key.go:33.54,34.39 1 1
github.com/Salvionied/apollo/serialization/Key/Key.go:34.39,36.17 2 0
github.com/Salvionied/apollo/serialization/Key/Key.go:36.17,38.4 1 0
github.com/Salvionied/apollo/serialization/Key/Key.go:39.3,40.24 2 0
github.com/Salvionied/apollo/serialization/Key/Key.go:43.2,44.17 2 1
github.com/Salvionied/apollo/serialization/Key/Key.go:60.56,63.16 3 1
github.com/Salvionied/apollo/serialization/Key/Key.go:63.16,65.3 1 0
github.com/Salvionied/apollo/serialization/Key/Key.go:66.2,66.23 1 1
github.com/Salvionied/apollo/serialization/Key/Key.go:84.61,87.16 3 1
github.com/Salvionied/apollo/serialization/Key/Key.go:87.16,89.3 1 1
github.com/Salvionied/apollo/serialization/Key/Key.go:90.2,91.12 2 1
github.com/Salvionied/apollo/serialization/Key/Key.go:102.58,104.2 1 1
github.com/Salvionied/apollo/serialization/Key/Key.go:119.76,122.16 3 1
github.com/Salvionied/apollo/serialization/Key/Key.go:122.16,124.3 1 0
github.com/Salvionied/apollo/serialization/Key/Key.go:125.2,126.16 2 1
github.com/Salvionied/apollo/serialization/Key/Key.go:126.16,128.3 1 1
github.com/Salvionied/apollo/serialization/Key/Key.go:129.2,129.18 1 1
github.com/Salvionied/apollo/serialization/Key/Key.go:142.68,144.16 2 1
github.com/Salvionied/apollo/serialization/Key/Key.go:144.16,146.3 1 0
github.com/Salvionied/apollo/serialization/Key/Key.go:147.2,149.15 3 1
github.com/Salvionied/apollo/serialization/Key/Key.go:167.56,169.16 2 1
github.com/Salvionied/apollo/serialization/Key/Key.go:169.16,171.3 1 0
github.com/Salvionied/apollo/serialization/Key/Key.go:172.2,172.81 1 1
github.com/Salvionied/apollo/serialization/Key/Key.go:193.54,195.16 2 1
github.com/Salvionied/apollo/serialization/Key/Key.go:195.16,197.3 1 0
github.com/Salvionied/apollo/serialization/Key/Key.go:198.2,199.16 2 1
github.com/Salvionied/apollo/serialization/Key/Key.go:199.16,201.3 1 0
github.com/Salvionied/apollo/serialization/Key/Key.go:202.2,202.27 1 1
github.com/Salvionied/apollo/serialization/Key/Key.go:205.69,208.16 3 1
github.com/Salvionied/apollo/serialization/Key/Key.go:208.16,210.3 1 0
github.com/Salvionied/apollo/serialization/Key/Key.go:211.2,212.18 2 1
github.com/Salvionied/apollo/serialization/Key/Key.go:215.79,218.16 3 1
github.com/Salvionied/apollo/serialization/Key/Key.go:218.16,220.3 1 0
github.com/Salvionied/apollo/serialization/Key/Key.go:221.2,222.18 2 1
github.com/Salvionied/apollo/serialization/Key/Key.go:225.43,227.2 1 1
github.com/Salvionied/apollo/serialization/Key/Key.go:229.48,231.2 1 1
github.com/Salvionied/apollo/serialization/Key/Key.go:233.53,235.2 1 1
github.com/Salvionied/apollo/serialization/Key/Key.go:237.56,240.16 3 1
github.com/Salvionied/apollo/serialization/Key/Key.go:240.16,242.3 1 1
github.com/Salvionied/apollo/serialization/Key/Key.go:243.2,244.12 2 1
github.com/Salvionied/apollo/serialization/Metadata/Metadata.go:32.63,34.32 2 1
github.com/Salvionied/apollo/serialization/Metadata/Metadata.go:34.32,36.3 1 0
github.com/Salvionied/apollo/serialization/Metadata/Metadata.go:36.8,38.3 1 1
github.com/Salvionied/apollo/serialization/Metadata/Metadata.go:56.59,58.2 1 1
github.com/Salvionied/apollo/serialization/Metadata/Metadata.go:63.66,65.2 1 1
github.com/Salvionied/apollo/serialization/Metadata/Metadata.go:70.72,72.2 1 1
github.com/Salvionied/apollo/serialization/Metadata/Metadata.go:80.40,81.104 1 1
github.com/Salvionied/apollo/serialization/Metadata/Metadata.go:81.104,84.17 3 1
github.com/Salvionied/apollo/serialization/Metadata/Metadata.go:84.17,86.4 1 0
github.com/Salvionied/apollo/serialization/Metadata/Metadata.go:87.3,87.14 1 1
github.com/Salvionied/apollo/serialization/Metadata/Metadata.go:88.8,90.3 1 0
github.com/Salvionied/apollo/serialization/Metadata/Metadata.go:102.60,104.24 2 1
github.com/Salvionied/apollo/serialization/Metadata/Metadata.go:104.24,106.28 2 1
github.com/Salvionied/apollo/serialization/Metadata/Metadata.go:106.28,108.4 1 1
github.com/Salvionied/apollo/serialization/Metadata/Metadata.go:110.2,110.12 1 1
github.com/Salvionied/apollo/serialization/Metadata/Metadata.go:120.56,122.29 2 1
github.com/Salvionied/apollo/serialization/Metadata/Metadata.go:122.29,124.3 1 1
github.com/Salvionied/apollo/serialization/Metadata/Metadata.go:125.2,125.123 1 1
github.com/Salvionied/apollo/serialization/Metadata/Metadata.go:125.123,127.3 1 1
github.com/Salvionied/apollo/serialization/Metadata/Metadata.go:128.2,128.83 1 1
github.com/Salvionied/apollo/serialization/Metadata/Metadata.go:128.83,130.3 1 1
github.com/Salvionied/apollo/serialization/Metadata/Metadata.go:131.2,131.37 1 1
github.com/Salvionied/apollo/serialization/MultiAsset/MultiAsset.go:25.97,26.32 1 1
github.com/Salvionied/apollo/serialization/MultiAsset/MultiAsset.go:26.32,28.38 1 1
github.com/Salvionied/apollo/serialization/MultiAsset/MultiAsset.go:28.38,29.41 1 1
github.com/Salvionied/apollo/serialization/MultiAsset/MultiAsset.go:29.41,30.50 1 1
github.com/Salvionied/apollo/serialization/MultiAsset/MultiAsset.go:30.50,32.6 1 1
github.com/Salvionied/apollo/serialization/MultiAsset/MultiAsset.go:36.2,36.10 1 1
github.com/Salvionied/apollo/serialization/MultiAsset/MultiAsset.go:47.58,49.32 2 1
github.com/Salvionied/apollo/serialization/MultiAsset/MultiAsset.go:49.32,50.40 1 1
github.com/Salvionied/apollo/serialization/MultiAsset/MultiAsset.go:50.40,51.19 1 1
github.com/Salvionied/apollo/serialization/MultiAsset/MultiAsset.go:51.19,53.11 2 1
github.com/Salvionied/apollo/serialization/MultiAsset/MultiAsset.go:53.11,55.6 1 0
github.com/Salvionied/apollo/serialization/MultiAsset/MultiAsset.go:55.11,57.6 1 1
github.com/Salvionied/apollo/serialization/MultiAsset/MultiAsset.go:61.2,61.15 1 1
github.com/Salvionied/apollo/serialization/MultiAsset/MultiAsset.go:72.47,74.32 2 1
github.com/Salvionied/apollo/serialization/MultiAsset/MultiAsset.go:74.32,76.3 1 1
github.com/Salvionied/apollo/serialization/MultiAsset/MultiAsset.go:77.2,77.15 1 1
github.com/Salvionied/apollo/serialization/MultiAsset/MultiAsset.go:91.57,93.2 1 1
github.com/Salvionied/apollo/serialization/MultiAsset/MultiAsset.go:107.56,108.32 1 1
github.com/Salvionied/apollo/serialization/MultiAsset/MultiAsset.go:108.32,110.37 2 1
github.com/Salvionied/apollo/serialization/MultiAsset/MultiAsset.go:110.37,112.4 1 1
github.com/Salvionied/apollo/serialization/MultiAsset/MultiAsset.go:114.2,114.13 1 1
github.com/Salvionied/apollo/serialization/MultiAsset/MultiAsset.go:130.59,131.32 1 1
github.com/Salvionied/apollo/serialization/MultiAsset/MultiAsset.go:131.32,133.67 2 1
github.com/Salvionied/apollo/serialization/MultiAsset/MultiAsset.go:133.67,135.4 1 1
github.com/Salvionied/apollo/serialization/MultiAsset/MultiAsset.go:137.2,137.13 1 1
github.com/Salvionied/apollo/serialization/MultiAsset/MultiAsset.go:151.64,153.35 2 1
github.com/Salvionied/apollo/serialization/MultiAsset/MultiAsset.go:153.35,155.9 2 1
github.com/Salvionied/apollo/serialization/MultiAsset/MultiAsset.go:155.9,157.4 1 1
github.com/Salvionied/apollo/serialization/MultiAsset/MultiAsset.go:157.9,159.4 1 0
github.com/Salvionied/apollo/serialization/MultiAsset/MultiAsset.go:161.2,161.15 1 1
github.com/Salvionied/apollo/serialization/MultiAsset/MultiAsset.go:175.64,177.35 2 1
github.com/Salvionied/apollo/serialization/MultiAsset/MultiAsset.go:177.35,179.9 2 1
github.com/Salvionied/apollo/serialization/MultiAsset/MultiAsset.go:179.9,181.4 1 1
github.com/Salvionied/apollo/serialization/MultiAsset/MultiAsset.go:181.9,183.4 1 1
github.com/Salvionied/apollo/serialization/MultiAsset/MultiAsset.go:185.2,185.12 1 1
github.com/Salvionied/apollo/serialization/MultiAsset/MultiAsset.go:200.122,202.32 2 1
github.com/Salvionied/apollo/serialization/MultiAsset/MultiAsset.go:202.32,203.40 1 1
github.com/Salvionied/apollo/serialization/MultiAsset/MultiAsset.go:203.40,204.36 1 1
github.com/Salvionied/apollo/serialization/MultiAsset/MultiAsset.go:204.36,206.11 2 1
github.com/Salvionied/apollo/serialization/MultiAsset/MultiAsset.go:206.11,208.6 1 0
github.com/Salvionied/apollo/serialization/MultiAsset/MultiAsset.go:208.11,210.6 1 1
github.com/Salvionied/apollo/serialization/MultiAsset/MultiAsset.go:214.2,214.15 1 1
github.com/Salvionied/apollo/serialization/NativeScript/NativeScript.go:21.51,23.2 1 1
github.com/Salvionied/apollo/serialization/NativeScript/NativeScript.go:25.62,27.2 1 1
github.com/Salvionied/apollo/serialization/NativeScript/NativeScript.go:29.62,31.2 1 1
github.com/Salvionied/apollo/serialization/NativeScript/NativeScript.go:33.72,35.2 1 1
github.com/Salvionied/apollo/serialization/NativeScript/NativeScript.go:37.50,39.2 1 1
github.com/Salvionied/apollo/serialization/NativeScript/NativeScript.go:41.52,43.2 1 1
github.com/Salvionied/apollo/serialization/NativeScript/NativeScript.go:87.65,90.16 3 1
github.com/Salvionied/apollo/serialization/NativeScript/NativeScript.go:90.16,92.3 1 0
github.com/Salvionied/apollo/serialization/NativeScript/NativeScript.go:93.2,95.16 3 1
github.com/Salvionied/apollo/serialization/NativeScript/NativeScript.go:95.16,97.3 1 0
github.com/Salvionied/apollo/serialization/NativeScript/NativeScript.go:98.2,99.16 2 1
github.com/Salvionied/apollo/serialization/NativeScript/NativeScript.go:99.16,101.3 1 0
github.com/Salvionied/apollo/serialization/NativeScript/NativeScript.go:102.2,104.17 3 1
github.com/Salvionied/apollo/serialization/NativeScript/NativeScript.go:119.59,122.16 3 1
github.com/Salvionied/apollo/serialization/NativeScript/NativeScript.go:122.16,124.3 1 0
github.com/Salvionied/apollo/serialization/NativeScript/NativeScript.go:125.2,126.17 2 1
github.com/Salvionied/apollo/serialization/NativeScript/NativeScript.go:127.9,132.13 5 1
github.com/Salvionied/apollo/serialization/NativeScript/NativeScript.go:133.9,138.13 5 1
github.com/Salvionied/apollo/serialization/NativeScript/NativeScript.go:139.9,144.13 5 1
github.com/Salvionied/apollo/serialization/NativeScript/NativeScript.go:145.9,151.13 6 1
github.com/Salvionied/apollo/serialization/NativeScript/NativeScript.go:152.9,158.13 5 1
github.com/Salvionied/apollo/serialization/NativeScript/NativeScript.go:159.9,164.13 5 1
github.com/Salvionied/apollo/serialization/NativeScript/NativeScript.go:165.10,166.13 1 0
github.com/Salvionied/apollo/serialization/NativeScript/NativeScript.go:179.56,180.16 1 1
github.com/Salvionied/apollo/serialization/NativeScript/NativeScript.go:181.9,182.66 1 1
github.com/Salvionied/apollo/serialization/NativeScript/NativeScript.go:183.9,184.83 1 1
github.com/Salvionied/apollo/serialization/NativeScript/NativeScript.go:185.9,186.83 1 1
github.com/Salvionied/apollo/serialization/NativeScript/NativeScript.go:187.9,188.92 1 1
github.com/Salvionied/apollo/serialization/NativeScript/NativeScript.go:189.9,190.64 1 1
github.com/Salvionied/apollo/serialization/NativeScript/NativeScript.go:191.9,192.63 1 1
github.com/Salvionied/apollo/serialization/NativeScript/NativeScript.go:194.10,195.31 1 0
github.com/Salvionied/apollo/serialization/PlutusData/PlutusData.go:39.53,46.16 3 0
github.com/Salvionied/apollo/serialization/PlutusData/PlutusData.go:46.16,48.3 1 0
github.com/Salvionied/apollo/serialization/PlutusData/PlutusData.go:49.2,49.50 1 0
github.com/Salvionied/apollo/serialization/PlutusData/PlutusData.go:49.50,52.23 3 0
github.com/Salvionied/apollo/serialization/PlutusData/PlutusData.go:52.23,54.4 1 0
github.com/Salvionied/apollo/serialization/PlutusData/PlutusData.go:55.3,55.34 1 0
github.com/Salvionied/apollo/serialization/PlutusData/PlutusData.go:55.34,57.4 1 0
github.com/Salvionied/apollo/serialization/PlutusData/PlutusData.go:58.3,59.13 2 0
github.com/Salvionied/apollo/serialization/PlutusData/PlutusData.go:59.13,61.4 1 0
github.com/Salvionied/apollo/serialization/PlutusData/PlutusData.go:62.3,64.17 3 0
github.com/Salvionied/apollo/serialization/PlutusData/PlutusData.go:64.17,66.4 1 0
github.com/Salvionied/apollo/serialization/PlutusData/PlutusData.go:67.3,69.13 3 0
github.com/Salvionied/apollo/serialization/PlutusData/PlutusData.go:70.8,70.55 1 0
github.com/Salvionied/apollo/serialization/PlutusData/PlutusData.go:70.55,73.21 3 0
github.com/Salvionied/apollo/serialization/PlutusData/PlutusData.go:73.21,75.4 1 0
github.com/Salvionied/apollo/serialization/PlutusData/PlutusData.go:76.3,78.13 3 0
github.com/Salvionied/apollo/serialization/PlutusData/PlutusData.go:79.8,81.3 1 0
github.com/Salvionied/apollo/serialization/PlutusData/PlutusData.go:85.47,90.2 1 0
github.com/Salvionied/apollo/serialization/PlutusData/PlutusData.go:92.52,97.2 1 0
github.com/Salvionied/apollo/serialization/PlutusData/PlutusData.go:99.52,105.21 2 0
github.com/Salvionied/apollo/serialization/PlutusData/PlutusData.go:106.21,112.4 2 0
github.com/Salvionied/apollo/serialization/PlutusData/PlutusData.go:113.23,116.17 3 0
github.com/Salvionied/apollo/serialization/PlutusData/PlutusData.go:116.17,118.4 1 0
github.com/Salvionied/apollo/serialization/PlutusData/PlutusData.go:119.3,123.4 1 0
github.com/Salvionied/apollo/serialization/PlutusData/PlutusData.go:124.10,125.55 1 0
github.com/Salvionied/apollo/serialization/PlutusData/PlutusData.go:127.2,127.29 1 0
github.com/Salvionied/apollo/serialization/PlutusData/PlutusData.go:148.44,151.23 3 0
github.com/Salvionied/apollo/serialization/PlutusData/PlutusData.go:151.23,153.3 1 0
github.com/Salvionied/apollo/serialization/PlutusData/PlutusData.go:154.2,155.23 2 0
github.com/Salvionied/apollo/serialization/PlutusData/PlutusData.go:155.23,157.3 1 0
github.com/Salvionied/apollo/serialization/PlutusData/PlutusData.go:158.2,161.34 4 0
github.com/Salvionied/apollo/serialization/PlutusData/PlutusData.go:345.50,348.23 3 0
github.com/Salvionied/apollo/serialization/PlutusData/PlutusData.go:348.23,350.3 1 0
github.com/Salvionied/apollo/serialization/PlutusData/PlutusData.go:351.2,352.23 2 0
github.com/Salvionied/apollo/serialization/PlutusData/PlutusData.go:352.23,354.3 1 0
github.com/Salvionied/apollo/serialization/PlutusData/PlutusData.go:355.2,355.26 1 0
github.com/Salvionied/apollo/serialization/PlutusData/PlutusData.go:565.39,567.2 1 0
github.com/Salvionied/apollo/serialization/PlutusData/PlutusData.go:577.37,579.2 1 0
github.com/Salvionied/apollo/serialization/PlutusData/PlutusData.go:589.55,591.25 2 0
github.com/Salvionied/apollo/serialization/PlutusData/PlutusData.go:591.25,593.3 1 0
github.com/Salvionied/apollo/serialization/PlutusData/PlutusData.go:594.2,594.12 1 0
github.com/Salvionied/apollo/serialization/PlutusData/PlutusData.go:607.60,611.25 3 1
github.com/Salvionied/apollo/serialization/PlutusData/PlutusData.go:611.25,613.17 2 1
github.com/Salvionied/apollo/serialization/PlutusData/PlutusData.go:613.17,615.4 1 0
github.com/Salvionied/apollo/serialization/PlutusData/PlutusData.go:616.3,616.30 1 1
github.com/Salvionied/apollo/serialization/PlutusData/PlutusData.go:618.2,619.17 2 1
github.com/Salvionied/apollo/serialization/PlutusData/PlutusData.go:638.44,643.2 4 0
github.com/Salvionied/apollo/serialization/PlutusData/PlutusData.go:653.32,659.2 1 0
github.com/Salvionied/apollo/serialization/PlutusData/PlutusData.go:671.48,672.19 1 0
github.com/Salvionied/apollo/serialization/PlutusData/PlutusData.go:672.19,674.3 1 0
github.com/Salvionied/apollo/serialization/PlutusData/PlutusData.go:674.8,676.3 1 0
github.com/Salvionied/apollo/serialization/PlutusData/PlutusData.go:688.53,691.16 3 0
github.com/Salvionied/apollo/serialization/PlutusData/PlutusData.go:691.16,693.3 1 0
github.com/Salvionied/apollo/serialization/PlutusData/PlutusData.go:694.2,695.11 2 0
github.com/Salvionied/apollo/serialization/PlutusData/PlutusData.go:695.11,696.28 1 0
github.com/Salvionied/apollo/serialization/PlutusData/PlutusData.go:697.22,701.18 4 0
github.com/Salvionied/apollo/serialization/PlutusData/PlutusData.go:701.18,703.5 1 0
github.com/Salvionied/apollo/serialization/PlutusData/PlutusData.go:704.4,706.18 3 0
github.com/Salvionied/apollo/serialization/PlutusData/PlutusData.go:706.18,708.5 1 0
github.com/Salvionied/apollo/serialization/PlutusData/PlutusData.go:709.4,709.16 1 0
github.com/Salvionied/apollo/serialization/PlutusData/PlutusData.go:711.11,713.14 1 0
github.com/Salvionied/apollo/serialization/PlutusData/PlutusData.go:715.8,716.19 1 0
github.com/Salvionied/apollo/serialization/PlutusData/PlutusData.go:717.22,720.18 3 0
github.com/Salvionied/apollo/serialization/PlutusData/PlutusData.go:720.18,722.5 1 0
github.com/Salvionied/apollo/serialization/PlutusData/PlutusData.go:723.4,725.16 3 0
github.com/Salvionied/apollo/serialization/PlutusData/PlutusData.go:726.15,729.16 3 0
github.com/Salvionied/apollo/serialization/PlutusData/PlutusData.go:731.16,734.16 3 0
github.com/Salvionied/apollo/serialization/PlutusData/PlutusData.go:736.36,739.18 3 0
github.com/Salvionied/apollo/serialization/PlutusData/PlutusData.go:739.18,741.5 1 0
github.com/Salvionied/apollo/serialization/PlutusData/PlutusData.go:742.4,744.16 3 0
github.com/Salvionied/apollo/serialization/PlutusData/PlutusData.go:746.11,746.11 0 0
github.com/Salvionied/apollo/serialization/PlutusData/PlutusData.go:751.2,751.12 1 0
github.com/Salvionied/apollo/serialization/PlutusData/PlutusData.go:772.52,776.2 3 0
github.com/Salvionied/apollo/serialization/PlutusData/PlutusData.go:788.39,794.2 4 0
github.com/Salvionied/apollo/serialization/PlutusData/PlutusData.go:804.42,810.2 1 0
github.com/Salvionied/apollo/serialization/PlutusData/PlutusData.go:821.54,822.19 1 1
github.com/Salvionied/apollo/serialization/PlutusData/PlutusData.go:822.19,824.3 1 1
github.com/Salvionied/apollo/serialization/PlutusData/PlutusData.go:824.8,826.3 1 1
github.com/Salvionied/apollo/serialization/PlutusData/PlutusData.go:840.57,843.16 3 1
github.com/Salvionied/apollo/serialization/PlutusData/PlutusData.go:843.16,845.3 1 0
github.com/Salvionied/apollo/serialization/PlutusData/PlutusData.go:846.2,846.18 1 1
github.com/Salvionied/apollo/serialization/PlutusData/PlutusData.go:847.21,850.17 3 1
github.com/Salvionied/apollo/serialization/PlutusData/PlutusData.go:850.17,852.4 1 0
github.com/Salvionied/apollo/serialization/PlutusData/PlutusData.go:853.3,855.15 3 1
github.com/Salvionied/apollo/serialization/PlutusData/PlutusData.go:856.30,859.9 3 1
github.com/Salvionied/apollo/serialization/PlutusData/PlutusData.go:859.9,863.10 4 1
github.com/Salvionied/apollo/serialization/PlutusData/PlutusData.go:863.10,865.5 1 1
github.com/Salvionied/apollo/serialization/PlutusData/PlutusData.go:865.10,867.5 1 1
github.com/Salvionied/apollo/serialization/PlutusData/PlutusData.go:868.4,870.18 3 1
github.com/Salvionied/apollo/serialization/PlutusData/PlutusData.go:870.18,872.5 1 0
github.com/Salvionied/apollo/serialization/PlutusData/PlutusData.go:873.4,875.26 3 1
github.com/Salvionied/apollo/serialization/PlutusData/PlutusData.go:876.9,876.39 1 1
github.com/Salvionied/apollo/serialization/PlutusData/PlutusData.go:876.39,879.4 2 1
github.com/Salvionied/apollo/serialization/PlutusData/PlutusData.go:879.9,879.37 1 1
github.com/Salvionied/apollo/serialization/PlutusData/PlutusData.go:879.37,882.4 2 1
github.com/Salvionied/apollo/serialization/PlutusData/PlutusData.go:882.9,884.4 1 0
github.com/Salvionied/apollo/serialization/PlutusData/PlutusData.go:887.2,887.12 1 1
github.com/Salvionied/apollo/serialization/PlutusData/PlutusData.go:901.58,904.16 3 1
github.com/Salvionied/apollo/serialization/PlutusData/PlutusData.go:904.16,906.3 1 0
github.com/Salvionied/apollo/serialization/PlutusData/PlutusData.go:907.2,908.11 2 1
github.com/Salvionied/apollo/serialization/PlutusData/PlutusData.go:908.11,909.28 1 1
github.com/Salvionied/apollo/serialization/PlutusData/PlutusData.go:910.22,913.24 3 1
github.com/Salvionied/apollo/serialization/PlutusData/PlutusData.go:913.24,916.19 3 1
github.com/Salvionied/apollo/serialization/PlutusData/PlutusData.go:916.19,918.6 1 0
github.com/Salvionied/apollo/serialization/PlutusData/PlutusData.go:919.5,919.17 1 1
github.com/Salvionied/apollo/serialization/PlutusData/PlutusData.go:920.10,923.19 3 1
github.com/Salvionied/apollo/serialization/PlutusData/PlutusData.go:923.19,925.6 1 0
github.com/Salvionied/apollo/serialization/PlutusData/PlutusData.go:926.5,926.17 1 1
github.com/Salvionied/apollo/serialization/PlutusData/PlutusData.go:928.16,931.25 3 0
github.com/Salvionied/apollo/serialization/PlutusData/PlutusData.go:932.36,935.18 3 0
github.com/Salvionied/apollo/serialization/PlutusData/PlutusData.go:935.18,937.5 1 0
github.com/Salvionied/apollo/serialization/PlutusData/PlutusData.go:938.4,940.16 3 0
github.com/Salvionied/apollo/serialization/PlutusData/PlutusData.go:942.11,945.14 2 0
github.com/Salvionied/apollo/serialization/PlutusData/PlutusData.go:947.8,948.19 1 1
github.com/Salvionied/apollo/serialization/PlutusData/PlutusData.go:949.22,950.24 1 0
github.com/Salvionied/apollo/serialization/PlutusData/PlutusData.go:950.24,953.19 3 0
github.com/Salvionied/apollo/serialization/PlutusData/PlutusData.go:953.19,955.6 1 0
github.com/Salvionied/apollo/serialization/PlutusData/PlutusData.go:956.5,958.17 3 0
github.com/Salvionied/apollo/serialization/PlutusData/PlutusData.go:959.10,962.19 3 0
github.com/Salvionied/apollo/serialization/PlutusData/PlutusData.go:962.19,964.6 1 0
github.com/Salvionied/apollo/serialization/PlutusData/PlutusData.go:965.5,967.17 3 0
github.com/Salvionied/apollo/serialization/PlutusData/PlutusData.go:969.15,972.16 3 1
github.com/Salvionied/apollo/serialization/PlutusData/PlutusData.go:974.16,977.16 3 1
github.com/Salvionied/apollo/serialization/PlutusData/PlutusData.go:979.36,982.18 3 0
github.com/Salvionied/apollo/serialization/PlutusData/PlutusData.go:982.18,984.5 1 0
github.com/Salvionied/apollo/serialization/PlutusData/PlutusData.go:985.4,987.16 3 0
github.com/Salvionied/apollo/serialization/PlutusData/PlutusData.go:989.11,990.76 1 0
github.com/Salvionied/apollo/serialization/PlutusData/PlutusData.go:995.2,995.12 1 1
github.com/Salvionied/apollo/serialization/PlutusData/PlutusData.go:1015.44,1017.16 2 0
github.com/Salvionied/apollo/serialization/PlutusData/PlutusData.go:1017.16,1019.3 1 0
github.com/Salvionied/apollo/serialization/PlutusData/PlutusData.go:1020.2,1020.39 1 0
github.com/Salvionied/apollo/serialization/PlutusData/PlutusData.go:1035.70,1038.16 3 0
github.com/Salvionied/apollo/serialization/PlutusData/PlutusData.go:1038.16,1040.3 1 0
github.com/Salvionied/apollo/serialization/PlutusData/PlutusData.go:1041.2,1043.16 3 0
github.com/Salvionied/apollo/serialization/PlutusData/PlutusData.go:1043.16,1045.3 1 0
github.com/Salvionied/apollo/serialization/PlutusData/PlutusData.go:1046.2,1047.16 2 0
github.com/Salvionied/apollo/serialization/PlutusData/PlutusData.go:1047.16,1049.3 1 0
github.com/Salvionied/apollo/serialization/PlutusData/PlutusData.go:1050.2,1051.15 2 0
github.com/Salvionied/apollo/serialization/PlutusData/PlutusData.go:1066.67,1069.16 3 0
github.com/Salvionied/apollo/serialization/PlutusData/PlutusData.go:1069.16,1071.3 1 0
github.com/Salvionied/apollo/serialization/PlutusData/PlutusData.go:1072.2,1074.16 3 0
github.com/Salvionied/apollo/serialization/PlutusData/PlutusData.go:1074.16,1076.3 1 0
github.com/Salvionied/apollo/serialization/PlutusData/PlutusData.go:1077.2,1078.16 2 0
github.com/Salvionied/apollo/serialization/PlutusData/PlutusData.go:1078.16,1080.3 1 0
github.com/Salvionied/apollo/serialization/PlutusData/PlutusData.go:1081.2,1082.15 2 0
github.com/Salvionied/apollo/serialization/PlutusData/PlutusData.go:1100.71,1103.2 2 0
github.com/Salvionied/apollo/serialization/PlutusData/PlutusData.go:1118.79,1120.30 2 0
github.com/Salvionied/apollo/serialization/PlutusData/PlutusData.go:1120.30,1122.3 1 0
github.com/Salvionied/apollo/serialization/PlutusData/PlutusData.go:1122.8,1131.3 1 0
github.com/Salvionied/apollo/serialization/PlutusData/PlutusData.go:1147.79,1149.30 2 0
github.com/Salvionied/apollo/serialization/PlutusData/PlutusData.go:1149.30,1151.3 1 0
github.com/Salvionied/apollo/serialization/PlutusData/PlutusData.go:1151.8,1160.3 1 0
github.com/Salvionied/apollo/serialization/PlutusData/PlutusData.go:1172.67,1174.16 2 0
github.com/Salvionied/apollo/serialization/PlutusData/PlutusData.go:1174.16,1176.3 1 0
github.com/Salvionied/apollo/serialization/PlutusData/PlutusData.go:1177.2,1179.16 3 0
github.com/Salvionied/apollo/serialization/PlutusData/PlutusData.go:1179.16,1181.3 1 0
github.com/Salvionied/apollo/serialization/PlutusData/PlutusData.go:1182.2,1183.16 2 0
github.com/Salvionied/apollo/serialization/PlutusData/PlutusData.go:1183.16,1185.3 1 0
github.com/Salvionied/apollo/serialization/PlutusData/PlutusData.go:1186.2,1188.15 3 0
github.com/Salvionied/apollo/serialization/PlutusData/PlutusData.go:1200.67,1202.16 2 0
github.com/Salvionied/apollo/serialization/PlutusData/PlutusData.go:1202.16,1204.3 1 0
github.com/Salvionied/apollo/serialization/PlutusData/PlutusData.go:1205.2,1207.16 3 0
github.com/Salvionied/apollo/serialization/PlutusData/PlutusData.go:1207.16,1209.3 1 0
github.com/Salvionied/apollo/serialization/PlutusData/PlutusData.go:1210.2,1211.16 2 0
github.com/Salvionied/apollo/serialization/PlutusData/PlutusData.go:1211.16,1213.3 1 0
github.com/Salvionied/apollo/serialization/PlutusData/PlutusData.go:1214.2,1216.15 3 0
github.com/Salvionied/apollo/serialization/Policy/Policy.go:26.43,27.22 1 1
github.com/Salvionied/apollo/serialization/Policy/Policy.go:27.22,29.3 1 1
github.com/Salvionied/apollo/serialization/Policy/Policy.go:30.2,32.8 1 0
github.com/Salvionied/apollo/serialization/Policy/Policy.go:47.49,48.22 1 1
github.com/Salvionied/apollo/serialization/Policy/Policy.go:48.22,50.3 1 1
github.com/Salvionied/apollo/serialization/Policy/Policy.go:51.2,53.8 1 0
github.com/Salvionied/apollo/serialization/Policy/Policy.go:62.42,64.2 1 1
github.com/Salvionied/apollo/serialization/Policy/Policy.go:75.57,77.16 2 1
github.com/Salvionied/apollo/serialization/Policy/Policy.go:77.16,79.3 1 0
github.com/Salvionied/apollo/serialization/Policy/Policy.go:80.2,80.20 1 1
github.com/Salvionied/apollo/serialization/Policy/Policy.go:80.20,82.3 1 0
github.com/Salvionied/apollo/serialization/Policy/Policy.go:84.2,84.19 1 1
github.com/Salvionied/apollo/serialization/Policy/Policy.go:84.19,86.3 1 0
github.com/Salvionied/apollo/serialization/Policy/Policy.go:87.2,87.26 1 1
github.com/Salvionied/apollo/serialization/Policy/Policy.go:102.61,105.16 3 1
github.com/Salvionied/apollo/serialization/Policy/Policy.go:105.16,107.3 1 0
github.com/Salvionied/apollo/serialization/Policy/Policy.go:108.2,108.27 1 1
github.com/Salvionied/apollo/serialization/Policy/Policy.go:109.14,111.27 2 1
github.com/Salvionied/apollo/serialization/Policy/Policy.go:111.27,113.4 1 0
github.com/Salvionied/apollo/serialization/Policy/Policy.go:114.3,114.29 1 1
github.com/Salvionied/apollo/serialization/Policy/Policy.go:115.14,117.27 2 0
github.com/Salvionied/apollo/serialization/Policy/Policy.go:117.27,119.4 1 0
github.com/Salvionied/apollo/serialization/Policy/Policy.go:120.3,120.29 1 0
github.com/Salvionied/apollo/serialization/Policy/Policy.go:121.10,122.51 1 0
github.com/Salvionied/apollo/serialization/Policy/Policy.go:124.2,124.12 1 1
github.com/Salvionied/apollo/serialization/Redeemer/Redeemer.go:34.50,39.2 1 1
github.com/Salvionied/apollo/serialization/Redeemer/Redeemer.go:48.53,51.2 2 1
github.com/Salvionied/apollo/serialization/Redeemer/Redeemer.go:68.36,75.2 1 1
github.com/Salvionied/apollo/serialization/Transaction/Transaction.go:30.48,32.16 2 1
github.com/Salvionied/apollo/serialization/Transaction/Transaction.go:32.16,34.3 1 0
github.com/Salvionied/apollo/serialization/Transaction/Transaction.go:35.2,35.21 1 1
github.com/Salvionied/apollo/serialization/Transaction/Transaction.go:44.57,47.2 2 1
github.com/Salvionied/apollo/serialization/TransactionBody/TransactionBody.go:35.51,37.16 2 1
github.com/Salvionied/apollo/serialization/TransactionBody/TransactionBody.go:37.16,39.3 1 0
github.com/Salvionied/apollo/serialization/TransactionBody/TransactionBody.go:40.2,41.16 2 1
github.com/Salvionied/apollo/serialization/TransactionBody/TransactionBody.go:41.16,43.3 1 0
github.com/Salvionied/apollo/serialization/TransactionBody/TransactionBody.go:44.2,45.16 2 1
github.com/Salvionied/apollo/serialization/TransactionBody/TransactionBody.go:45.16,47.3 1 0
github.com/Salvionied/apollo/serialization/TransactionBody/TransactionBody.go:48.2,48.27 1 1
github.com/Salvionied/apollo/serialization/TransactionBody/TransactionBody.go:52.70,54.16 2 1
github.com/Salvionied/apollo/serialization/TransactionBody/TransactionBody.go:54.16,56.3 1 0
github.com/Salvionied/apollo/serialization/TransactionBody/TransactionBody.go:57.2,57.48 1 1
github.com/Salvionied/apollo/serialization/TransactionInput/TransactionInput.go:21.53,26.2 1 1
github.com/Salvionied/apollo/serialization/TransactionInput/TransactionInput.go:37.65,39.2 1 1
github.com/Salvionied/apollo/serialization/TransactionInput/TransactionInput.go:51.66,53.2 1 1
github.com/Salvionied/apollo/serialization/TransactionInput/TransactionInput.go:59.44,61.2 1 1
github.com/Salvionied/apollo/serialization/TransactionOutput/TransactionOutput.go:31.66,37.2 1 1
github.com/Salvionied/apollo/serialization/TransactionOutput/TransactionOutput.go:48.52,50.2 1 1
github.com/Salvionied/apollo/serialization/TransactionOutput/TransactionOutput.go:67.68,74.2 1 1
github.com/Salvionied/apollo/serialization/TransactionOutput/TransactionOutput.go:85.53,87.2 1 1
github.com/Salvionied/apollo/serialization/TransactionOutput/TransactionOutput.go:113.72,116.17 3 1
github.com/Salvionied/apollo/serialization/TransactionOutput/TransactionOutput.go:116.17,119.17 3 1
github.com/Salvionied/apollo/serialization/TransactionOutput/TransactionOutput.go:119.17,121.4 1 0
github.com/Salvionied/apollo/serialization/TransactionOutput/TransactionOutput.go:122.3,125.29 4 1
github.com/Salvionied/apollo/serialization/TransactionOutput/TransactionOutput.go:125.29,130.4 2 1
github.com/Salvionied/apollo/serialization/TransactionOutput/TransactionOutput.go:131.8,134.17 3 1
github.com/Salvionied/apollo/serialization/TransactionOutput/TransactionOutput.go:134.17,136.4 1 0
github.com/Salvionied/apollo/serialization/TransactionOutput/TransactionOutput.go:137.3,139.26 3 1
github.com/Salvionied/apollo/serialization/TransactionOutput/TransactionOutput.go:141.2,141.12 1 1
github.com/Salvionied/apollo/serialization/TransactionOutput/TransactionOutput.go:154.68,155.18 1 1
github.com/Salvionied/apollo/serialization/TransactionOutput/TransactionOutput.go:155.18,161.3 5 1
github.com/Salvionied/apollo/serialization/TransactionOutput/TransactionOutput.go:161.8,166.3 4 1
github.com/Salvionied/apollo/serialization/TransactionOutput/TransactionOutput.go:184.55,185.21 1 1
github.com/Salvionied/apollo/serialization/TransactionOutput/TransactionOutput.go:185.21,190.3 1 1
github.com/Salvionied/apollo/serialization/TransactionOutput/TransactionOutput.go:190.8,195.3 1 1
github.com/Salvionied/apollo/serialization/TransactionOutput/TransactionOutput.go:210.68,211.43 1 1
github.com/Salvionied/apollo/serialization/TransactionOutput/TransactionOutput.go:211.43,213.3 1 1
github.com/Salvionied/apollo/serialization/TransactionOutput/TransactionOutput.go:214.2,214.21 1 1
github.com/Salvionied/apollo/serialization/TransactionOutput/TransactionOutput.go:214.21,219.3 4 1
github.com/Salvionied/apollo/serialization/TransactionOutput/TransactionOutput.go:219.8,224.3 4 1
github.com/Salvionied/apollo/serialization/TransactionOutput/TransactionOutput.go:235.54,236.21 1 1
github.com/Salvionied/apollo/serialization/TransactionOutput/TransactionOutput.go:236.21,238.3 1 1
github.com/Salvionied/apollo/serialization/TransactionOutput/TransactionOutput.go:238.8,240.3 1 1
github.com/Salvionied/apollo/serialization/TransactionOutput/TransactionOutput.go:255.92,264.2 1 1
github.com/Salvionied/apollo/serialization/TransactionOutput/TransactionOutput.go:276.69,277.21 1 1
github.com/Salvionied/apollo/serialization/TransactionOutput/TransactionOutput.go:277.21,280.3 2 1
github.com/Salvionied/apollo/serialization/TransactionOutput/TransactionOutput.go:280.8,282.17 2 1
github.com/Salvionied/apollo/serialization/TransactionOutput/TransactionOutput.go:282.17,284.4 1 0
github.com/Salvionied/apollo/serialization/TransactionOutput/TransactionOutput.go:285.3,286.31 2 1
github.com/Salvionied/apollo/serialization/TransactionOutput/TransactionOutput.go:298.59,299.21 1 1
github.com/Salvionied/apollo/serialization/TransactionOutput/TransactionOutput.go:299.21,301.3 1 1
github.com/Salvionied/apollo/serialization/TransactionOutput/TransactionOutput.go:301.8,303.3 1 1
github.com/Salvionied/apollo/serialization/TransactionOutput/TransactionOutput.go:314.67,315.21 1 0
github.com/Salvionied/apollo/serialization/TransactionOutput/TransactionOutput.go:315.21,317.3 1 0
github.com/Salvionied/apollo/serialization/TransactionOutput/TransactionOutput.go:317.8,319.3 1 0
github.com/Salvionied/apollo/serialization/TransactionOutput/TransactionOutput.go:330.70,331.21 1 1
github.com/Salvionied/apollo/serialization/TransactionOutput/TransactionOutput.go:331.21,333.3 1 1
github.com/Salvionied/apollo/serialization/TransactionOutput/TransactionOutput.go:333.8,335.3 1 1
github.com/Salvionied/apollo/serialization/TransactionOutput/TransactionOutput.go:346.64,347.21 1 1
github.com/Salvionied/apollo/serialization/TransactionOutput/TransactionOutput.go:347.21,348.48 1 1
github.com/Salvionied/apollo/serialization/TransactionOutput/TransactionOutput.go:349.33,350.14 1 0
github.com/Salvionied/apollo/serialization/TransactionOutput/TransactionOutput.go:351.35,352.19 1 1
github.com/Salvionied/apollo/serialization/TransactionOutput/TransactionOutput.go:353.11,354.14 1 0
github.com/Salvionied/apollo/serialization/TransactionOutput/TransactionOutput.go:356.8,358.3 1 1
github.com/Salvionied/apollo/serialization/TransactionOutput/TransactionOutput.go:361.71,362.21 1 0
github.com/Salvionied/apollo/serialization/TransactionOutput/TransactionOutput.go:362.21,364.3 1 0
github.com/Salvionied/apollo/serialization/TransactionOutput/TransactionOutput.go:364.8,367.3 2 0
github.com/Salvionied/apollo/serialization/TransactionOutput/TransactionOutput.go:377.67,378.21 1 0
github.com/Salvionied/apollo/serialization/TransactionOutput/TransactionOutput.go:378.21,380.3 1 0
github.com/Salvionied/apollo/serialization/TransactionOutput/TransactionOutput.go:380.8,382.3 1 0
github.com/Salvionied/apollo/serialization/TransactionOutput/TransactionOutput.go:393.53,394.21 1 1
github.com/Salvionied/apollo/serialization/TransactionOutput/TransactionOutput.go:394.21,396.3 1 1
github.com/Salvionied/apollo/serialization/TransactionOutput/TransactionOutput.go:396.8,398.3 1 1
github.com/Salvionied/apollo/serialization/TransactionOutput/TransactionOutput.go:409.47,410.21 1 1
github.com/Salvionied/apollo/serialization/TransactionOutput/TransactionOutput.go:410.21,411.37 1 1
github.com/Salvionied/apollo/serialization/TransactionOutput/TransactionOutput.go:411.37,413.4 1 1
github.com/Salvionied/apollo/serialization/TransactionOutput/TransactionOutput.go:413.9,415.4 1 1
github.com/Salvionied/apollo/serialization/TransactionOutput/TransactionOutput.go:416.8,417.36 1 1
github.com/Salvionied/apollo/serialization/TransactionOutput/TransactionOutput.go:417.36,419.4 1 1
github.com/Salvionied/apollo/serialization/TransactionOutput/TransactionOutput.go:419.9,421.4 1 1
github.com/Salvionied/apollo/serialization/TransactionOutput/TransactionOutput.go:433.46,434.22 1 1
github.com/Salvionied/apollo/serialization/TransactionOutput/TransactionOutput.go:434.22,436.3 1 1
github.com/Salvionied/apollo/serialization/TransactionOutput/TransactionOutput.go:436.8,438.3 1 0
github.com/Salvionied/apollo/serialization/TransactionOutput/TransactionOutput.go:453.65,456.52 3 1
github.com/Salvionied/apollo/serialization/TransactionOutput/TransactionOutput.go:456.52,459.17 3 1
github.com/Salvionied/apollo/serialization/TransactionOutput/TransactionOutput.go:459.17,461.4 1 0
github.com/Salvionied/apollo/serialization/TransactionOutput/TransactionOutput.go:463.8,466.17 3 1
github.com/Salvionied/apollo/serialization/TransactionOutput/TransactionOutput.go:466.17,468.4 1 0
github.com/Salvionied/apollo/serialization/TransactionOutput/TransactionOutput.go:470.2,470.12 1 1
github.com/Salvionied/apollo/serialization/TransactionOutput/TransactionOutput.go:483.61,484.22 1 1
github.com/Salvionied/apollo/serialization/TransactionOutput/TransactionOutput.go:484.22,486.3 1 1
github.com/Salvionied/apollo/serialization/TransactionOutput/TransactionOutput.go:486.8,488.3 1 1
github.com/Salvionied/apollo/serialization/TransactionOutput/TransactionOutput.go:500.61,501.22 1 1
github.com/Salvionied/apollo/serialization/TransactionOutput/TransactionOutput.go:501.22,503.3 1 1
github.com/Salvionied/apollo/serialization/TransactionOutput/TransactionOutput.go:503.8,505.3 1 1
github.com/Salvionied/apollo/serialization/TransactionWitnessSet/TransactionWitnessSet.go:49.65,50.87 1 1
github.com/Salvionied/apollo/serialization/TransactionWitnessSet/TransactionWitnessSet.go:50.87,60.3 1 0
github.com/Salvionied/apollo/serialization/TransactionWitnessSet/TransactionWitnessSet.go:61.2,69.4 1 1
github.com/Salvionied/apollo/serialization/UTxO/UTxO.go:30.31,32.2 1 1
github.com/Salvionied/apollo/serialization/UTxO/UTxO.go:42.28,47.2 1 1
github.com/Salvionied/apollo/serialization/UTxO/UTxO.go:60.39,63.2 2 1
github.com/Salvionied/apollo/serialization/Value/Value.go:37.59,40.54 3 1
github.com/Salvionied/apollo/serialization/Value/Value.go:40.54,43.3 2 1
github.com/Salvionied/apollo/serialization/Value/Value.go:43.8,46.17 3 1
github.com/Salvionied/apollo/serialization/Value/Value.go:46.17,48.4 1 0
github.com/Salvionied/apollo/serialization/Value/Value.go:49.3,50.23 2 1
github.com/Salvionied/apollo/serialization/Value/Value.go:52.2,52.12 1 1
github.com/Salvionied/apollo/serialization/Value/Value.go:64.57,65.21 1 1
github.com/Salvionied/apollo/serialization/Value/Value.go:65.21,66.24 1 1
github.com/Salvionied/apollo/serialization/Value/Value.go:66.24,68.4 1 0
github.com/Salvionied/apollo/serialization/Value/Value.go:69.3,70.30 2 1
github.com/Salvionied/apollo/serialization/Value/Value.go:71.8,72.21 1 1
github.com/Salvionied/apollo/serialization/Value/Value.go:72.21,74.4 1 0
github.com/Salvionied/apollo/serialization/Value/Value.go:75.3,75.34 1 1
github.com/Salvionied/apollo/serialization/Value/Value.go:87.46,88.21 1 1
github.com/Salvionied/apollo/serialization/Value/Value.go:88.21,94.3 1 1
github.com/Salvionied/apollo/serialization/Value/Value.go:95.2,98.3 1 1
github.com/Salvionied/apollo/serialization/Value/Value.go:109.46,115.2 1 1
github.com/Salvionied/apollo/serialization/Value/Value.go:125.42,131.2 1 1
github.com/Salvionied/apollo/serialization/Value/Value.go:141.43,143.19 2 1
github.com/Salvionied/apollo/serialization/Value/Value.go:143.19,145.3 1 1
github.com/Salvionied/apollo/serialization/Value/Value.go:146.2,146.12 1 1
github.com/Salvionied/apollo/serialization/Value/Value.go:157.32,158.19 1 1
github.com/Salvionied/apollo/serialization/Value/Value.go:158.19,164.3 1 1
github.com/Salvionied/apollo/serialization/Value/Value.go:164.8,169.3 1 1
github.com/Salvionied/apollo/serialization/Value/Value.go:180.65,181.20 1 1
github.com/Salvionied/apollo/serialization/Value/Value.go:181.20,186.3 4 1
github.com/Salvionied/apollo/serialization/Value/Value.go:186.8,188.3 1 1
github.com/Salvionied/apollo/serialization/Value/Value.go:203.73,204.22 1 1
github.com/Salvionied/apollo/serialization/Value/Value.go:204.22,208.3 1 1
github.com/Salvionied/apollo/serialization/Value/Value.go:209.2,215.3 1 1
github.com/Salvionied/apollo/serialization/Value/Value.go:228.45,229.20 1 1
github.com/Salvionied/apollo/serialization/Value/Value.go:229.20,231.3 1 1
github.com/Salvionied/apollo/serialization/Value/Value.go:231.8,233.3 1 1
github.com/Salvionied/apollo/serialization/Value/Value.go:246.45,247.20 1 1
github.com/Salvionied/apollo/serialization/Value/Value.go:247.20,249.3 1 1
github.com/Salvionied/apollo/serialization/Value/Value.go:249.8,251.3 1 1
github.com/Salvionied/apollo/serialization/Value/Value.go:264.45,265.20 1 1
github.com/Salvionied/apollo/serialization/Value/Value.go:265.20,267.3 1 1
github.com/Salvionied/apollo/serialization/Value/Value.go:267.8,269.3 1 1
github.com/Salvionied/apollo/serialization/Value/Value.go:280.70,281.20 1 1
github.com/Salvionied/apollo/serialization/Value/Value.go:281.20,285.3 3 1
github.com/Salvionied/apollo/serialization/Value/Value.go:286.2,286.23 1 1
github.com/Salvionied/apollo/serialization/Value/Value.go:297.34,298.19 1 1
github.com/Salvionied/apollo/serialization/Value/Value.go:298.19,300.3 1 1
github.com/Salvionied/apollo/serialization/Value/Value.go:301.2,301.17 1 1
github.com/Salvionied/apollo/serialization/Value/Value.go:312.59,313.19 1 1
github.com/Salvionied/apollo/serialization/Value/Value.go:313.19,315.3 1 1
github.com/Salvionied/apollo/serialization/Value/Value.go:316.2,316.12 1 1
github.com/Salvionied/apollo/serialization/Value/Value.go:330.41,332.21 2 1
github.com/Salvionied/apollo/serialization/Value/Value.go:332.21,333.20 1 1
github.com/Salvionied/apollo/serialization/Value/Value.go:333.20,335.4 1 1
github.com/Salvionied/apollo/serialization/Value/Value.go:335.9,339.4 3 0
github.com/Salvionied/apollo/serialization/Value/Value.go:340.8,341.20 1 1
github.com/Salvionied/apollo/serialization/Value/Value.go:341.20,343.4 1 1
github.com/Salvionied/apollo/serialization/Value/Value.go:343.9,345.4 1 1
github.com/Salvionied/apollo/serialization/Value/Value.go:347.2,347.12 1 1
github.com/Salvionied/apollo/serialization/Value/Value.go:361.41,363.21 2 1
github.com/Salvionied/apollo/serialization/Value/Value.go:363.21,364.20 1 1
github.com/Salvionied/apollo/serialization/Value/Value.go:364.20,366.4 1 1
github.com/Salvionied/apollo/serialization/Value/Value.go:366.9,368.4 1 0
github.com/Salvionied/apollo/serialization/Value/Value.go:369.8,370.20 1 1
github.com/Salvionied/apollo/serialization/Value/Value.go:370.20,372.4 1 1
github.com/Salvionied/apollo/serialization/Value/Value.go:372.9,374.4 1 1
github.com/Salvionied/apollo/serialization/Value/Value.go:376.2,376.12 1 1
github.com/Salvionied/apollo/serialization/Value/Value.go:390.41,392.2 1 1
github.com/Salvionied/apollo/serialization/Value/Value.go:405.42,406.38 1 1
github.com/Salvionied/apollo/serialization/Value/Value.go:406.38,408.3 1 0
github.com/Salvionied/apollo/serialization/Value/Value.go:409.2,409.19 1 1
github.com/Salvionied/apollo/serialization/Value/Value.go:409.19,411.3 1 1
github.com/Salvionied/apollo/serialization/Value/Value.go:411.8,413.3 1 1
github.com/Salvionied/apollo/serialization/Value/Value.go:427.48,429.2 1 1
github.com/Salvionied/apollo/serialization/Value/Value.go:442.44,445.2 1 1
github.com/Salvionied/apollo/serialization/Value/Value.go:458.51,460.2 1 1
github.com/Salvionied/apollo/serialization/Value/Value.go:470.34,471.19 1 0
github.com/Salvionied/apollo/serialization/Value/Value.go:471.19,473.3 1 0
github.com/Salvionied/apollo/serialization/Value/Value.go:473.8,475.3 1 0
github.com/Salvionied/apollo/serialization/Value/Value.go:491.53,494.54 3 1
github.com/Salvionied/apollo/serialization/Value/Value.go:494.54,497.3 2 1
github.com/Salvionied/apollo/serialization/Value/Value.go:497.8,500.17 3 0
github.com/Salvionied/apollo/serialization/Value/Value.go:500.17,502.4 1 0
github.com/Salvionied/apollo/serialization/Value/Value.go:503.3,504.23 2 0
github.com/Salvionied/apollo/serialization/Value/Value.go:506.2,506.12 1 1
github.com/Salvionied/apollo/serialization/Value/Value.go:520.49,521.19 1 1
github.com/Salvionied/apollo/serialization/Value/Value.go:521.19,522.22 1 1
github.com/Salvionied/apollo/serialization/Value/Value.go:522.22,524.4 1 0
github.com/Salvionied/apollo/serialization/Value/Value.go:525.3,526.28 2 1
github.com/Salvionied/apollo/serialization/Value/Value.go:527.8,528.19 1 1
github.com/Salvionied/apollo/serialization/Value/Value.go:528.19,530.4 1 0
github.com/Salvionied/apollo/serialization/Value/Value.go:531.3,531.32 1 1
github.com/Salvionied/apollo/serialization/Value/Value.go:547.42,549.2 1 1
github.com/Salvionied/apollo/ApolloBuilder.go:91.40,116.2 1 1
github.com/Salvionied/apollo/ApolloBuilder.go:126.49,128.2 1 1
github.com/Salvionied/apollo/ApolloBuilder.go:142.55,145.2 2 1
github.com/Salvionied/apollo/ApolloBuilder.go:159.76,162.35 3 1
github.com/Salvionied/apollo/ApolloBuilder.go:162.35,164.3 1 1
github.com/Salvionied/apollo/ApolloBuilder.go:165.2,165.39 1 1
github.com/Salvionied/apollo/ApolloBuilder.go:165.39,166.38 1 0
github.com/Salvionied/apollo/ApolloBuilder.go:168.2,172.10 5 1
github.com/Salvionied/apollo/ApolloBuilder.go:187.86,190.35 3 1
github.com/Salvionied/apollo/ApolloBuilder.go:190.35,192.3 1 1
github.com/Salvionied/apollo/ApolloBuilder.go:193.2,193.39 1 1
github.com/Salvionied/apollo/ApolloBuilder.go:193.39,194.38 1 0
github.com/Salvionied/apollo/ApolloBuilder.go:195.3,195.11 1 0
github.com/Salvionied/apollo/ApolloBuilder.go:197.2,201.10 5 1
github.com/Salvionied/apollo/ApolloBuilder.go:215.61,218.2 2 1
github.com/Salvionied/apollo/ApolloBuilder.go:231.67,235.2 2 0
github.com/Salvionied/apollo/ApolloBuilder.go:249.68,253.2 3 1
github.com/Salvionied/apollo/ApolloBuilder.go:266.55,269.2 2 1
github.com/Salvionied/apollo/ApolloBuilder.go:285.90,288.2 2 1
github.com/Salvionied/apollo/ApolloBuilder.go:304.93,306.2 1 1
github.com/Salvionied/apollo/ApolloBuilder.go:319.62,322.2 2 1
github.com/Salvionied/apollo/ApolloBuilder.go:340.144,341.14 1 1
github.com/Salvionied/apollo/ApolloBuilder.go:341.14,343.3 1 1
github.com/Salvionied/apollo/ApolloBuilder.go:343.8,343.22 1 1
github.com/Salvionied/apollo/ApolloBuilder.go:343.22,346.3 2 1
github.com/Salvionied/apollo/ApolloBuilder.go:346.8,348.3 1 1
github.com/Salvionied/apollo/ApolloBuilder.go:349.2,349.28 1 1
github.com/Salvionied/apollo/ApolloBuilder.go:349.28,351.3 1 1
github.com/Salvionied/apollo/ApolloBuilder.go:352.2,352.10 1 1
github.com/Salvionied/apollo/ApolloBuilder.go:369.107,371.20 2 1
github.com/Salvionied/apollo/ApolloBuilder.go:371.20,374.3 1 1
github.com/Salvionied/apollo/ApolloBuilder.go:375.2,375.20 1 1
github.com/Salvionied/apollo/ApolloBuilder.go:375.20,377.3 1 1
github.com/Salvionied/apollo/ApolloBuilder.go:378.2,378.10 1 1
github.com/Salvionied/apollo/ApolloBuilder.go:393.74,396.2 2 1
github.com/Salvionied/apollo/ApolloBuilder.go:411.117,412.20 1 1
github.com/Salvionied/apollo/ApolloBuilder.go:412.20,417.3 2 1
github.com/Salvionied/apollo/ApolloBuilder.go:418.2,418.20 1 1
github.com/Salvionied/apollo/ApolloBuilder.go:418.20,423.3 2 1
github.com/Salvionied/apollo/ApolloBuilder.go:424.2,424.10 1 1
github.com/Salvionied/apollo/ApolloBuilder.go:427.55,430.2 2 1
github.com/Salvionied/apollo/ApolloBuilder.go:439.71,441.37 2 1
github.com/Salvionied/apollo/ApolloBuilder.go:441.37,443.3 1 1
github.com/Salvionied/apollo/ApolloBuilder.go:444.2,444.16 1 1
github.com/Salvionied/apollo/ApolloBuilder.go:456.80,466.2 3 1
github.com/Salvionied/apollo/ApolloBuilder.go:476.84,483.30 5 1
github.com/Salvionied/apollo/ApolloBuilder.go:483.30,487.3 1 1
github.com/Salvionied/apollo/ApolloBuilder.go:488.2,495.3 1 1
github.com/Salvionied/apollo/ApolloBuilder.go:506.74,507.49 1 1
github.com/Salvionied/apollo/ApolloBuilder.go:507.49,509.3 1 1
github.com/Salvionied/apollo/ApolloBuilder.go:510.2,518.24 8 1
github.com/Salvionied/apollo/ApolloBuilder.go:518.24,519.26 1 1
github.com/Salvionied/apollo/ApolloBuilder.go:519.26,521.4 1 0
github.com/Salvionied/apollo/ApolloBuilder.go:521.9,521.19 1 1
github.com/Salvionied/apollo/ApolloBuilder.go:521.19,523.4 1 1
github.com/Salvionied/apollo/ApolloBuilder.go:525.2,525.22 1 1
github.com/Salvionied/apollo/ApolloBuilder.go:525.22,527.3 1 0
github.com/Salvionied/apollo/ApolloBuilder.go:528.2,529.16 2 1
github.com/Salvionied/apollo/ApolloBuilder.go:529.16,531.3 1 0
github.com/Salvionied/apollo/ApolloBuilder.go:532.2,533.22 2 1
github.com/Salvionied/apollo/ApolloBuilder.go:533.22,535.17 2 1
github.com/Salvionied/apollo/ApolloBuilder.go:535.17,537.4 1 0
github.com/Salvionied/apollo/ApolloBuilder.go:538.8,540.3 1 1
github.com/Salvionied/apollo/ApolloBuilder.go:541.2,542.10 2 1
github.com/Salvionied/apollo/ApolloBuilder.go:542.10,544.17 2 1
github.com/Salvionied/apollo/ApolloBuilder.go:544.17,546.4 1 0
github.com/Salvionied/apollo/ApolloBuilder.go:548.8,550.17 2 1
github.com/Salvionied/apollo/ApolloBuilder.go:550.17,552.4 1 0
github.com/Salvionied/apollo/ApolloBuilder.go:554.2,557.16 4 1
github.com/Salvionied/apollo/ApolloBuilder.go:557.16,559.3 1 0
github.com/Salvionied/apollo/ApolloBuilder.go:560.2,560.63 1 1
github.com/Salvionied/apollo/ApolloBuilder.go:572.58,574.34 2 1
github.com/Salvionied/apollo/ApolloBuilder.go:574.34,576.3 1 1
github.com/Salvionied/apollo/ApolloBuilder.go:577.2,577.11 1 1
github.com/Salvionied/apollo/ApolloBuilder.go:591.52,594.2 2 1
github.com/Salvionied/apollo/ApolloBuilder.go:608.92,613.2 4 1
github.com/Salvionied/apollo/ApolloBuilder.go:623.73,625.42 2 1
github.com/Salvionied/apollo/ApolloBuilder.go:625.42,627.3 1 1
github.com/Salvionied/apollo/ApolloBuilder.go:628.2,629.37 2 1
github.com/Salvionied/apollo/ApolloBuilder.go:629.37,631.3 1 1
github.com/Salvionied/apollo/ApolloBuilder.go:632.2,633.16 2 1
github.com/Salvionied/apollo/ApolloBuilder.go:633.16,635.3 1 0
github.com/Salvionied/apollo/ApolloBuilder.go:636.2,637.21 2 1
github.com/Salvionied/apollo/ApolloBuilder.go:637.21,639.3 1 1
github.com/Salvionied/apollo/ApolloBuilder.go:640.2,656.28 4 1
github.com/Salvionied/apollo/ApolloBuilder.go:656.28,659.3 2 1
github.com/Salvionied/apollo/ApolloBuilder.go:660.2,660.17 1 1
github.com/Salvionied/apollo/ApolloBuilder.go:672.70,674.16 2 1
github.com/Salvionied/apollo/ApolloBuilder.go:674.16,676.3 1 0
github.com/Salvionied/apollo/ApolloBuilder.go:677.2,677.21 1 1
github.com/Salvionied/apollo/ApolloBuilder.go:677.21,679.3 1 1
github.com/Salvionied/apollo/ApolloBuilder.go:680.2,687.58 4 1
github.com/Salvionied/apollo/ApolloBuilder.go:687.58,689.3 1 0
github.com/Salvionied/apollo/ApolloBuilder.go:690.2,690.17 1 1
github.com/Salvionied/apollo/ApolloBuilder.go:701.38,703.39 2 1
github.com/Salvionied/apollo/ApolloBuilder.go:703.39,705.3 1 1
github.com/Salvionied/apollo/ApolloBuilder.go:706.2,707.16 2 1
github.com/Salvionied/apollo/ApolloBuilder.go:707.16,709.3 1 0
github.com/Salvionied/apollo/ApolloBuilder.go:710.2,713.21 4 1
github.com/Salvionied/apollo/ApolloBuilder.go:725.50,727.31 2 1
github.com/Salvionied/apollo/ApolloBuilder.go:727.31,728.51 1 1
github.com/Salvionied/apollo/ApolloBuilder.go:728.51,730.4 1 1
github.com/Salvionied/apollo/ApolloBuilder.go:732.2,732.23 1 1
github.com/Salvionied/apollo/ApolloBuilder.go:744.47,747.37 3 1
github.com/Salvionied/apollo/ApolloBuilder.go:747.37,750.38 3 1
github.com/Salvionied/apollo/ApolloBuilder.go:750.38,755.4 4 1
github.com/Salvionied/apollo/ApolloBuilder.go:755.9,755.44 1 1
github.com/Salvionied/apollo/ApolloBuilder.go:755.45,757.4 0 0
github.com/Salvionied/apollo/ApolloBuilder.go:759.2,759.10 1 1
github.com/Salvionied/apollo/ApolloBuilder.go:773.68,776.2 2 1
github.com/Salvionied/apollo/ApolloBuilder.go:786.51,787.28 1 1
github.com/Salvionied/apollo/ApolloBuilder.go:787.28,789.38 2 1
github.com/Salvionied/apollo/ApolloBuilder.go:789.38,790.124 1 1
github.com/Salvionied/apollo/ApolloBuilder.go:790.124,795.5 4 1
github.com/Salvionied/apollo/ApolloBuilder.go:797.3,797.16 1 1
github.com/Salvionied/apollo/ApolloBuilder.go:799.2,802.31 2 1
github.com/Salvionied/apollo/ApolloBuilder.go:802.31,804.3 1 1
github.com/Salvionied/apollo/ApolloBuilder.go:805.2,807.38 3 1
github.com/Salvionied/apollo/ApolloBuilder.go:807.38,808.113 1 1
github.com/Salvionied/apollo/ApolloBuilder.go:808.113,811.58 3 1
github.com/Salvionied/apollo/ApolloBuilder.go:811.58,812.13 1 0
github.com/Salvionied/apollo/ApolloBuilder.go:813.10,813.82 1 1
github.com/Salvionied/apollo/ApolloBuilder.go:813.82,817.5 3 0
github.com/Salvionied/apollo/ApolloBuilder.go:817.10,823.5 5 1
github.com/Salvionied/apollo/ApolloBuilder.go:826.2,826.38 1 0
github.com/Salvionied/apollo/ApolloBuilder.go:826.38,827.65 1 0
github.com/Salvionied/apollo/ApolloBuilder.go:827.65,830.58 3 0
github.com/Salvionied/apollo/ApolloBuilder.go:830.58,831.13 1 0
github.com/Salvionied/apollo/ApolloBuilder.go:832.10,832.82 1 0
github.com/Salvionied/apollo/ApolloBuilder.go:832.82,836.5 3 0
github.com/Salvionied/apollo/ApolloBuilder.go:836.10,842.5 5 0
github.com/Salvionied/apollo/ApolloBuilder.go:845.2,845.38 1 0
github.com/Salvionied/apollo/ApolloBuilder.go:856.34,859.2 2 1
github.com/Salvionied/apollo/ApolloBuilder.go:869.71,876.2 5 1
github.com/Salvionied/apollo/ApolloBuilder.go:886.42,887.26 1 1
github.com/Salvionied/apollo/ApolloBuilder.go:887.26,889.46 2 1
github.com/Salvionied/apollo/ApolloBuilder.go:889.46,891.51 2 1
github.com/Salvionied/apollo/ApolloBuilder.go:891.51,894.5 2 1
github.com/Salvionied/apollo/ApolloBuilder.go:896.3,896.45 1 1
github.com/Salvionied/apollo/ApolloBuilder.go:896.45,898.51 2 0
github.com/Salvionied/apollo/ApolloBuilder.go:898.51,901.5 2 0
github.com/Salvionied/apollo/ApolloBuilder.go:903.3,903.44 1 1
github.com/Salvionied/apollo/ApolloBuilder.go:903.44,905.51 2 1
github.com/Salvionied/apollo/ApolloBuilder.go:905.51,908.5 2 0
github.com/Salvionied/apollo/ApolloBuilder.go:910.3,910.46 1 1
github.com/Salvionied/apollo/ApolloBuilder.go:910.46,912.4 1 1
github.com/Salvionied/apollo/ApolloBuilder.go:913.3,913.45 1 1
github.com/Salvionied/apollo/ApolloBuilder.go:913.45,915.4 1 0
github.com/Salvionied/apollo/ApolloBuilder.go:916.3,916.44 1 1
github.com/Salvionied/apollo/ApolloBuilder.go:916.44,919.4 1 1
github.com/Salvionied/apollo/ApolloBuilder.go:920.8,921.46 1 1
github.com/Salvionied/apollo/ApolloBuilder.go:921.46,923.4 1 1
github.com/Salvionied/apollo/ApolloBuilder.go:924.3,924.45 1 1
github.com/Salvionied/apollo/ApolloBuilder.go:924.45,926.4 1 0
github.com/Salvionied/apollo/ApolloBuilder.go:927.3,927.44 1 1
github.com/Salvionied/apollo/ApolloBuilder.go:927.44,929.4 1 1
github.com/Salvionied/apollo/ApolloBuilder.go:932.2,932.10 1 1
github.com/Salvionied/apollo/ApolloBuilder.go:943.51,945.2 1 1
github.com/Salvionied/apollo/ApolloBuilder.go:957.46,960.42 3 1
github.com/Salvionied/apollo/ApolloBuilder.go:960.42,962.3 1 1
github.com/Salvionied/apollo/ApolloBuilder.go:963.2,968.37 6 1
github.com/Salvionied/apollo/ApolloBuilder.go:968.37,971.3 2 1
github.com/Salvionied/apollo/ApolloBuilder.go:972.2,977.53 5 1
github.com/Salvionied/apollo/ApolloBuilder.go:977.53,979.45 1 1
github.com/Salvionied/apollo/ApolloBuilder.go:979.45,981.59 1 1
github.com/Salvionied/apollo/ApolloBuilder.go:981.59,982.36 1 1
github.com/Salvionied/apollo/ApolloBuilder.go:982.36,986.45 4 1
github.com/Salvionied/apollo/ApolloBuilder.go:986.45,988.49 2 1
github.com/Salvionied/apollo/ApolloBuilder.go:988.49,994.13 6 1
github.com/Salvionied/apollo/ApolloBuilder.go:995.13,995.53 1 1
github.com/Salvionied/apollo/ApolloBuilder.go:995.53,1001.32 6 0
github.com/Salvionied/apollo/ApolloBuilder.go:1001.32,1003.14 2 0
github.com/Salvionied/apollo/ApolloBuilder.go:1007.6,1008.50 2 1
github.com/Salvionied/apollo/ApolloBuilder.go:1008.50,1009.42 1 1
github.com/Salvionied/apollo/ApolloBuilder.go:1009.42,1011.8 1 1
github.com/Salvionied/apollo/ApolloBuilder.go:1013.6,1014.16 2 1
github.com/Salvionied/apollo/ApolloBuilder.go:1014.16,1016.7 1 0
github.com/Salvionied/apollo/ApolloBuilder.go:1021.3,1021.7 1 1
github.com/Salvionied/apollo/ApolloBuilder.go:1021.7,1022.120 1 1
github.com/Salvionied/apollo/ApolloBuilder.go:1022.120,1023.10 1 1
github.com/Salvionied/apollo/ApolloBuilder.go:1025.4,1025.33 1 1
github.com/Salvionied/apollo/ApolloBuilder.go:1025.33,1027.5 1 0
github.com/Salvionied/apollo/ApolloBuilder.go:1028.4,1032.52 5 1
github.com/Salvionied/apollo/ApolloBuilder.go:1037.2,1043.16 4 1
github.com/Salvionied/apollo/ApolloBuilder.go:1043.16,1045.3 1 0
github.com/Salvionied/apollo/ApolloBuilder.go:1047.2,1050.16 3 1
github.com/Salvionied/apollo/ApolloBuilder.go:1050.16,1052.3 1 0
github.com/Salvionied/apollo/ApolloBuilder.go:1054.2,1055.16 2 1
github.com/Salvionied/apollo/ApolloBuilder.go:1055.16,1057.3 1 0
github.com/Salvionied/apollo/ApolloBuilder.go:1058.2,1060.15 3 1
github.com/Salvionied/apollo/ApolloBuilder.go:1077.93,1083.2 4 1
github.com/Salvionied/apollo/ApolloBuilder.go:1099.86,1107.37 8 1
github.com/Salvionied/apollo/ApolloBuilder.go:1107.37,1108.34 1 1
github.com/Salvionied/apollo/ApolloBuilder.go:1108.34,1109.52 1 1
github.com/Salvionied/apollo/ApolloBuilder.go:1109.52,1110.16 1 1
github.com/Salvionied/apollo/ApolloBuilder.go:1110.16,1116.6 1 1
github.com/Salvionied/apollo/ApolloBuilder.go:1117.10,1128.16 9 1
github.com/Salvionied/apollo/ApolloBuilder.go:1128.16,1134.6 1 1
github.com/Salvionied/apollo/ApolloBuilder.go:1138.2,1142.35 4 1
github.com/Salvionied/apollo/ApolloBuilder.go:1142.35,1144.3 1 1
github.com/Salvionied/apollo/ApolloBuilder.go:1145.2,1145.17 1 1
github.com/Salvionied/apollo/ApolloBuilder.go:1149.49,1151.34 2 1
github.com/Salvionied/apollo/ApolloBuilder.go:1151.34,1152.28 1 1
github.com/Salvionied/apollo/ApolloBuilder.go:1152.28,1159.4 2 1
github.com/Salvionied/apollo/ApolloBuilder.go:1162.2,1162.14 1 1
github.com/Salvionied/apollo/ApolloBuilder.go:1166.57,1168.34 2 1
github.com/Salvionied/apollo/ApolloBuilder.go:1168.34,1169.28 1 1
github.com/Salvionied/apollo/ApolloBuilder.go:1169.28,1176.4 2 1
github.com/Salvionied/apollo/ApolloBuilder.go:1179.2,1179.14 1 1
github.com/Salvionied/apollo/ApolloBuilder.go:1192.53,1196.42 4 1
github.com/Salvionied/apollo/ApolloBuilder.go:1196.42,1198.3 1 1
github.com/Salvionied/apollo/ApolloBuilder.go:1199.2,1201.37 3 1
github.com/Salvionied/apollo/ApolloBuilder.go:1201.37,1203.3 1 1
github.com/Salvionied/apollo/ApolloBuilder.go:1204.2,1211.4 5 1
github.com/Salvionied/apollo/ApolloBuilder.go:1211.4,1212.38 1 1
github.com/Salvionied/apollo/ApolloBuilder.go:1212.38,1214.4 1 0
github.com/Salvionied/apollo/ApolloBuilder.go:1215.3,1218.29 4 1
github.com/Salvionied/apollo/ApolloBuilder.go:1220.2,1220.61 1 1
github.com/Salvionied/apollo/ApolloBuilder.go:1220.61,1223.44 3 1
github.com/Salvionied/apollo/ApolloBuilder.go:1223.44,1225.4 1 1
github.com/Salvionied/apollo/ApolloBuilder.go:1226.3,1227.24 2 1
github.com/Salvionied/apollo/ApolloBuilder.go:1227.24,1232.45 5 1
github.com/Salvionied/apollo/ApolloBuilder.go:1232.45,1234.5 1 1
github.com/Salvionied/apollo/ApolloBuilder.go:1237.8,1243.50 2 1
github.com/Salvionied/apollo/ApolloBuilder.go:1243.50,1244.35 1 1
github.com/Salvionied/apollo/ApolloBuilder.go:1244.35,1245.16 1 1
github.com/Salvionied/apollo/ApolloBuilder.go:1245.16,1251.6 1 1
github.com/Salvionied/apollo/ApolloBuilder.go:1254.3,1258.24 4 1
github.com/Salvionied/apollo/ApolloBuilder.go:1258.24,1263.4 4 1
github.com/Salvionied/apollo/ApolloBuilder.go:1265.2,1265.15 1 1
github.com/Salvionied/apollo/ApolloBuilder.go:1283.11,1289.2 5 1
github.com/Salvionied/apollo/ApolloBuilder.go:1302.75,1304.44 2 1
github.com/Salvionied/apollo/ApolloBuilder.go:1304.44,1305.53 1 1
github.com/Salvionied/apollo/ApolloBuilder.go:1305.53,1307.4 1 1
github.com/Salvionied/apollo/ApolloBuilder.go:1309.2,1312.10 3 1
github.com/Salvionied/apollo/ApolloBuilder.go:1326.75,1328.44 2 1
github.com/Salvionied/apollo/ApolloBuilder.go:1328.44,1329.53 1 1
github.com/Salvionied/apollo/ApolloBuilder.go:1329.53,1331.4 1 1
github.com/Salvionied/apollo/ApolloBuilder.go:1333.2,1335.10 3 1
github.com/Salvionied/apollo/ApolloBuilder.go:1349.74,1353.16 4 0
github.com/Salvionied/apollo/ApolloBuilder.go:1353.16,1355.3 1 0
github.com/Salvionied/apollo/ApolloBuilder.go:1356.2,1357.16 2 0
github.com/Salvionied/apollo/ApolloBuilder.go:1357.16,1359.3 1 0
github.com/Salvionied/apollo/ApolloBuilder.go:1360.2,1363.16 4 0
github.com/Salvionied/apollo/ApolloBuilder.go:1363.16,1365.3 1 0
github.com/Salvionied/apollo/ApolloBuilder.go:1366.2,1380.15 13 0
github.com/Salvionied/apollo/ApolloBuilder.go:1384.100,1386.16 2 0
github.com/Salvionied/apollo/ApolloBuilder.go:1386.16,1388.3 1 0
github.com/Salvionied/apollo/ApolloBuilder.go:1389.2,1390.16 2 0
github.com/Salvionied/apollo/ApolloBuilder.go:1390.16,1392.3 1 0
github.com/Salvionied/apollo/ApolloBuilder.go:1397.2,1402.34 5 0
github.com/Salvionied/apollo/ApolloBuilder.go:1402.34,1404.3 1 0
github.com/Salvionied/apollo/ApolloBuilder.go:1404.8,1406.3 1 0
github.com/Salvionied/apollo/ApolloBuilder.go:1407.2,1415.10 3 0
github.com/Salvionied/apollo/ApolloBuilder.go:1429.62,1431.16 2 1
github.com/Salvionied/apollo/ApolloBuilder.go:1431.16,1433.3 1 0
github.com/Salvionied/apollo/ApolloBuilder.go:1434.2,1435.10 2 1
github.com/Salvionied/apollo/ApolloBuilder.go:1446.53,1447.21 1 1
github.com/Salvionied/apollo/ApolloBuilder.go:1447.21,1448.26 1 0
github.com/Salvionied/apollo/ApolloBuilder.go:1449.3,1449.11 1 0
github.com/Salvionied/apollo/ApolloBuilder.go:1451.2,1451.26 1 1
github.com/Salvionied/apollo/ApolloBuilder.go:1452.54,1455.33 2 0
github.com/Salvionied/apollo/ApolloBuilder.go:1456.10,1456.10 0 1
github.com/Salvionied/apollo/ApolloBuilder.go:1458.2,1459.10 2 1
github.com/Salvionied/apollo/ApolloBuilder.go:1470.33,1474.2 3 0
github.com/Salvionied/apollo/ApolloBuilder.go:1489.95,1492.16 3 0
github.com/Salvionied/apollo/ApolloBuilder.go:1492.16,1494.3 1 0
github.com/Salvionied/apollo/ApolloBuilder.go:1495.2,1496.16 2 0
github.com/Salvionied/apollo/ApolloBuilder.go:1496.16,1498.3 1 0
github.com/Salvionied/apollo/ApolloBuilder.go:1499.2,1501.15 3 0
github.com/Salvionied/apollo/ApolloBuilder.go:1514.64,1516.2 1 0
github.com/Salvionied/apollo/ApolloBuilder.go:1531.61,1534.16 3 0
github.com/Salvionied/apollo/ApolloBuilder.go:1534.16,1536.3 1 0
github.com/Salvionied/apollo/ApolloBuilder.go:1537.2,1538.15 2 0
github.com/Salvionied/apollo/ApolloBuilder.go:1553.69,1555.17 2 0
github.com/Salvionied/apollo/ApolloBuilder.go:1555.17,1557.3 1 0
github.com/Salvionied/apollo/ApolloBuilder.go:1558.2,1558.13 1 0
github.com/Salvionied/apollo/ApolloBuilder.go:1573.103,1576.2 2 0
github.com/Salvionied/apollo/ApolloBuilder.go:1589.65,1591.16 2 1
github.com/Salvionied/apollo/ApolloBuilder.go:1591.16,1593.3 1 0
github.com/Salvionied/apollo/ApolloBuilder.go:1594.2,1595.10 2 1
github.com/Salvionied/apollo/ApolloBuilder.go:1609.68,1612.2 2 1
github.com/Salvionied/apollo/ApolloBuilder.go:1625.44,1628.2 2 1
github.com/Salvionied/apollo/ApolloBuilder.go:1641.64,1644.2 2 1
github.com/Salvionied/apollo/ApolloBuilder.go:1658.84,1659.28 1 0
github.com/Salvionied/apollo/ApolloBuilder.go:1659.28,1662.3 2 0
github.com/Salvionied/apollo/ApolloBuilder.go:1662.8,1664.3 1 0
github.com/Salvionied/apollo/ApolloBuilder.go:1665.2,1665.10 1 0
github.com/Salvionied/apollo/ApolloBuilder.go:1676.42,1678.2 1 0
github.com/Salvionied/apollo/ApolloBuilder.go:1689.57,1692.2 2 1
github.com/Salvionied/apollo/ApolloBuilder.go:1706.70,1714.2 4 1
github.com/Salvionied/apollo/ApolloBuilder.go:1724.60,1727.2 2 0
github.com/Salvionied/apollo/ApolloBuilder.go:1729.113,1730.26 1 0
github.com/Salvionied/apollo/ApolloBuilder.go:1730.26,1733.3 2 0
github.com/Salvionied/apollo/ApolloBuilder.go:1734.2,1736.36 3 0
github.com/Salvionied/apollo/ApolloBuilder.go:1736.36,1738.3 1 0
github.com/Salvionied/apollo/ApolloBuilder.go:1739.2,1741.16 3 0
github.com/Salvionied/apollo/ApolloBuilder.go:1741.16,1744.3 2 0
github.com/Salvionied/apollo/ApolloBuilder.go:1745.2,1752.10 3 0
github.com/Salvionied/apollo/ApolloBuilder.go:1755.56,1758.2 2 1
github.com/Salvionied/apollo/ApolloBuilder.go:1760.58,1765.16 3 1
github.com/Salvionied/apollo/ApolloBuilder.go:1765.16,1767.3 1 0
github.com/Salvionied/apollo/ApolloBuilder.go:1769.2,1774.16 4 1
github.com/Salvionied/apollo/ApolloBuilder.go:1774.16,1776.3 1 0
github.com/Salvionied/apollo/ApolloBuilder.go:1777.2,1779.15 3 1
github.com/Salvionied/apollo/ApolloBuilder.go:1782.83,1789.2 5 1
github.com/Salvionied/apollo/ApolloBuilder.go:1791.54,1792.26 1 1
github.com/Salvionied/apollo/ApolloBuilder.go:1792.26,1794.46 2 1
github.com/Salvionied/apollo/ApolloBuilder.go:1794.46,1796.51 2 1
github.com/Salvionied/apollo/ApolloBuilder.go:1796.51,1799.5 2 1
github.com/Salvionied/apollo/ApolloBuilder.go:1801.3,1801.45 1 1
github.com/Salvionied/apollo/ApolloBuilder.go:1801.45,1803.51 2 0
github.com/Salvionied/apollo/ApolloBuilder.go:1803.51,1806.5 2 0
github.com/Salvionied/apollo/ApolloBuilder.go:1808.3,1808.44 1 1
github.com/Salvionied/apollo/ApolloBuilder.go:1808.44,1810.51 2 0
github.com/Salvionied/apollo/ApolloBuilder.go:1810.51,1813.5 2 0
github.com/Salvionied/apollo/ApolloBuilder.go:1815.3,1815.46 1 1
github.com/Salvionied/apollo/ApolloBuilder.go:1815.46,1817.4 1 1
github.com/Salvionied/apollo/ApolloBuilder.go:1818.3,1818.45 1 1
github.com/Salvionied/apollo/ApolloBuilder.go:1818.45,1820.4 1 0
github.com/Salvionied/apollo/ApolloBuilder.go:1821.3,1821.44 1 1
github.com/Salvionied/apollo/ApolloBuilder.go:1821.44,1824.4 1 0
github.com/Salvionied/apollo/ApolloBuilder.go:1825.8,1826.46 1 1
github.com/Salvionied/apollo/ApolloBuilder.go:1826.46,1828.4 1 1
github.com/Salvionied/apollo/ApolloBuilder.go:1829.3,1829.45 1 1
github.com/Salvionied/apollo/ApolloBuilder.go:1829.45,1831.4 1 0
github.com/Salvionied/apollo/ApolloBuilder.go:1832.3,1832.44 1 1
github.com/Salvionied/apollo/ApolloBuilder.go:1832.44,1834.4 1 0
github.com/Salvionied/apollo/ApolloBuilder.go:1837.2,1837.10 1 1
github.com/Salvionied/apollo/Models.go:28.38,36.2 7 1
github.com/Salvionied/apollo/Models.go:49.63,55.2 1 1
github.com/Salvionied/apollo/Models.go:81.76,89.33 4 0
github.com/Salvionied/apollo/Models.go:89.33,92.3 2 0
github.com/Salvionied/apollo/Models.go:93.2,93.54 1 0
github.com/Salvionied/apollo/Models.go:93.54,96.3 2 0
github.com/Salvionied/apollo/Models.go:97.2,97.36 1 0
github.com/Salvionied/apollo/Models.go:97.36,99.3 1 0
github.com/Salvionied/apollo/Models.go:101.2,101.62 1 0
github.com/Salvionied/apollo/Models.go:101.62,102.43 1 0
github.com/Salvionied/apollo/Models.go:102.43,108.4 1 0
github.com/Salvionied/apollo/Models.go:110.2,110.16 1 0
github.com/Salvionied/apollo/Models.go:124.71,131.2 2 1
github.com/Salvionied/apollo/Models.go:144.80,149.50 2 1
github.com/Salvionied/apollo/Models.go:149.50,150.43 1 0
github.com/Salvionied/apollo/Models.go:150.43,156.4 1 0
github.com/Salvionied/apollo/Models.go:158.2,158.16 1 1
github.com/Salvionied/apollo/Models.go:167.41,169.31 2 1
github.com/Salvionied/apollo/Models.go:169.31,171.3 1 1
github.com/Salvionied/apollo/Models.go:172.2,173.10 2 1
github.com/Salvionied/apollo/Models.go:182.55,183.50 1 1
github.com/Salvionied/apollo/Models.go:183.50,185.3 1 1
github.com/Salvionied/apollo/Models.go:186.2,188.31 3 1
github.com/Salvionied/apollo/Models.go:188.31,190.3 1 1
github.com/Salvionied/apollo/Models.go:199.66,201.16 2 1
github.com/Salvionied/apollo/Models.go:201.16,209.21 7 1
github.com/Salvionied/apollo/Models.go:209.21,211.4 1 1
github.com/Salvionied/apollo/Models.go:212.3,212.14 1 1
github.com/Salvionied/apollo/Models.go:213.8,214.25 1 1
github.com/Salvionied/apollo/Models.go:214.25,218.4 2 1
github.com/Salvionied/apollo/Models.go:221.2,221.15 1 1
github.com/Salvionied/apollo/Utils.go:23.47,27.38 3 1
github.com/Salvionied/apollo/Utils.go:27.38,28.81 1 1
github.com/Salvionied/apollo/Utils.go:28.81,30.4 1 1
github.com/Salvionied/apollo/Utils.go:30.9,30.86 1 1
github.com/Salvionied/apollo/Utils.go:30.86,32.4 1 1
github.com/Salvionied/apollo/Utils.go:32.9,34.4 1 1
github.com/Salvionied/apollo/Utils.go:36.2,36.12 1 1
github.com/Salvionied/apollo/Utils.go:50.49,53.47 3 1
github.com/Salvionied/apollo/Utils.go:53.47,56.21 3 1
github.com/Salvionied/apollo/Utils.go:56.21,58.4 1 1
github.com/Salvionied/apollo/Utils.go:58.9,60.4 1 1
github.com/Salvionied/apollo/Utils.go:62.2,62.21 1 1
github.com/Salvionied/apollo/backends.go:19.60,21.2 1 1
github.com/Salvionied/apollo/backends.go:38.58,39.17 1 0
github.com/Salvionied/apollo/backends.go:40.25,45.9 1 0
github.com/Salvionied/apollo/backends.go:46.25,52.9 1 0
github.com/Salvionied/apollo/backends.go:53.25,59.9 1 0
github.com/Salvionied/apollo/backends.go:60.25,66.9 1 0
github.com/Salvionied/apollo/backends.go:67.10,68.88 1 0
